2020-10-25 20:45:42,565:INFO:PyCaret Regression Module
2020-10-25 20:45:42,565:INFO:version 2.1.2
2020-10-25 20:45:42,566:INFO:Initializing setup()
2020-10-25 20:45:42,566:INFO:USI: 54dc
2020-10-25 20:45:42,566:INFO:setup(data=(4755, 8), target=duration, train_size=0.7, sampling=True, sample_estimator=None, categorical_features=None, categorical_imputation=constant, ordinal_features=None,
                    high_cardinality_features=None, high_cardinality_method=frequency, numeric_features=None, numeric_imputation=mean, date_features=None, ignore_features=None, normalize=False,
                    normalize_method=zscore, transformation=False, transformation_method=yeo-johnson, handle_unknown_categorical=True, unknown_categorical_method=least_frequent, pca=False, pca_method=linear,
                    pca_components=None, ignore_low_variance=False, combine_rare_levels=False, rare_level_threshold=0.1, bin_numeric_features=None, remove_outliers=False, outliers_threshold=0.05,
                    remove_multicollinearity=False, multicollinearity_threshold=0.9, remove_perfect_collinearity=False, create_clusters=False, cluster_iter=20,
                    polynomial_features=False, polynomial_degree=2, trigonometry_features=False, polynomial_threshold=0.1, group_features=None,
                    group_names=None, feature_selection=False, feature_selection_threshold=0.8, feature_interaction=False, feature_ratio=False, interaction_threshold=0.01, transform_target=False,
                    transform_target_method=box-cox, data_split_shuffle=True, folds_shuffle=False, n_jobs=-1, html=True, session_id=None, log_experiment=False,
                    experiment_name=None, log_plots=False, log_profile=False, log_data=False, silent=False, verbose=True, profile=False)
2020-10-25 20:45:42,567:INFO:Checking environment
2020-10-25 20:45:42,567:INFO:python_version: 3.7.7
2020-10-25 20:45:42,567:INFO:python_build: ('default', 'May  6 2020 11:45:54')
2020-10-25 20:45:42,567:INFO:machine: AMD64
2020-10-25 20:45:42,567:INFO:platform: Windows-10-10.0.17134-SP0
2020-10-25 20:45:42,567:INFO:Memory: svmem(total=4180574208, available=780845056, percent=81.3, used=3399729152, free=780845056)
2020-10-25 20:45:42,568:INFO:Physical Core: 2
2020-10-25 20:45:42,568:INFO:Logical Core: 4
2020-10-25 20:45:42,568:INFO:Checking libraries
2020-10-25 20:45:42,568:INFO:pd==1.0.5
2020-10-25 20:45:42,568:INFO:numpy==1.18.5
2020-10-25 20:45:43,374:INFO:sklearn==0.23.1
2020-10-25 20:46:00,979:INFO:xgboost==1.2.0
2020-10-25 20:46:02,112:INFO:lightgbm==3.0.0
2020-10-25 20:46:06,924:INFO:catboost==0.24.1
2020-10-25 20:46:35,216:INFO:mlflow==1.11.0
2020-10-25 20:46:35,220:INFO:Checking Exceptions
2020-10-25 20:46:35,221:INFO:Preloading libraries
2020-10-25 20:46:35,221:INFO:Preparing display monitor
2020-10-25 20:46:35,381:INFO:Importing libraries
2020-10-25 20:46:53,172:INFO:Declaring global variables
2020-10-25 20:46:53,173:INFO:Copying data for preprocessing
2020-10-25 20:46:53,185:INFO:Declaring preprocessing parameters
2020-10-25 20:46:53,185:INFO:Importing preprocessing module
2020-10-25 20:47:10,811:INFO:Creating preprocessing pipeline
2020-10-25 20:54:52,957:INFO:Preprocessing pipeline created successfully
2020-10-25 20:54:52,957:INFO:No inverse transformer found
2020-10-25 20:54:52,958:INFO:Creating grid variables
2020-10-25 20:54:52,964:INFO:Creating global containers
2020-10-25 20:54:54,865:INFO:create_model_container: 0
2020-10-25 20:54:54,866:INFO:master_model_container: 0
2020-10-25 20:54:54,866:INFO:display_container: 0
2020-10-25 20:54:54,867:INFO:setup() succesfully completed......................................
2020-10-25 20:54:54,903:INFO:Initializing create_model()
2020-10-25 20:54:54,903:INFO:create_model(estimator=lr, ensemble=False, method=None, fold=10, round=4, cross_validation=True, verbose=True, system=True)
2020-10-25 20:54:54,904:INFO:Checking exceptions
2020-10-25 20:54:54,904:INFO:Preloading libraries
2020-10-25 20:54:54,904:INFO:Preparing display monitor
2020-10-25 20:54:55,064:INFO:Copying training dataset
2020-10-25 20:54:55,089:INFO:Importing libraries
2020-10-25 20:54:55,091:INFO:Defining folds
2020-10-25 20:54:55,092:INFO:Declaring metric variables
2020-10-25 20:54:55,104:INFO:Linear Regression Imported succesfully
2020-10-25 20:54:55,106:INFO:Checking ensemble method
2020-10-25 20:54:55,118:INFO:Initializing Fold 1
2020-10-25 20:54:55,137:INFO:Fitting Model
2020-10-25 20:54:56,374:INFO:Evaluating Metrics
2020-10-25 20:54:56,377:INFO:No inverse transformation
2020-10-25 20:54:56,377:INFO:Compiling Metrics
2020-10-25 20:54:56,406:INFO:Initializing Fold 2
2020-10-25 20:54:56,418:INFO:Fitting Model
2020-10-25 20:54:56,425:INFO:Evaluating Metrics
2020-10-25 20:54:56,430:INFO:No inverse transformation
2020-10-25 20:54:56,430:INFO:Compiling Metrics
2020-10-25 20:54:56,471:INFO:Initializing Fold 3
2020-10-25 20:54:56,489:INFO:Fitting Model
2020-10-25 20:54:56,496:INFO:Evaluating Metrics
2020-10-25 20:54:56,501:INFO:No inverse transformation
2020-10-25 20:54:56,502:INFO:Compiling Metrics
2020-10-25 20:54:56,551:INFO:Initializing Fold 4
2020-10-25 20:54:56,564:INFO:Fitting Model
2020-10-25 20:54:56,572:INFO:Evaluating Metrics
2020-10-25 20:54:56,576:INFO:No inverse transformation
2020-10-25 20:54:56,576:INFO:Compiling Metrics
2020-10-25 20:54:56,611:INFO:Initializing Fold 5
2020-10-25 20:54:56,629:INFO:Fitting Model
2020-10-25 20:54:56,638:INFO:Evaluating Metrics
2020-10-25 20:54:56,643:INFO:No inverse transformation
2020-10-25 20:54:56,644:INFO:Compiling Metrics
2020-10-25 20:54:56,689:INFO:Initializing Fold 6
2020-10-25 20:54:56,708:INFO:Fitting Model
2020-10-25 20:54:56,715:INFO:Evaluating Metrics
2020-10-25 20:54:56,719:INFO:No inverse transformation
2020-10-25 20:54:56,719:INFO:Compiling Metrics
2020-10-25 20:54:56,776:INFO:Initializing Fold 7
2020-10-25 20:54:56,794:INFO:Fitting Model
2020-10-25 20:54:56,799:INFO:Evaluating Metrics
2020-10-25 20:54:56,802:INFO:No inverse transformation
2020-10-25 20:54:56,803:INFO:Compiling Metrics
2020-10-25 20:54:56,851:INFO:Initializing Fold 8
2020-10-25 20:54:56,865:INFO:Fitting Model
2020-10-25 20:54:56,872:INFO:Evaluating Metrics
2020-10-25 20:54:56,877:INFO:No inverse transformation
2020-10-25 20:54:56,877:INFO:Compiling Metrics
2020-10-25 20:54:56,913:INFO:Initializing Fold 9
2020-10-25 20:54:56,928:INFO:Fitting Model
2020-10-25 20:54:56,938:INFO:Evaluating Metrics
2020-10-25 20:54:56,942:INFO:No inverse transformation
2020-10-25 20:54:56,942:INFO:Compiling Metrics
2020-10-25 20:54:56,993:INFO:Initializing Fold 10
2020-10-25 20:54:57,012:INFO:Fitting Model
2020-10-25 20:54:57,017:INFO:Evaluating Metrics
2020-10-25 20:54:57,021:INFO:No inverse transformation
2020-10-25 20:54:57,021:INFO:Compiling Metrics
2020-10-25 20:54:57,071:INFO:Calculating mean and std
2020-10-25 20:54:57,076:INFO:Creating metrics dataframe
2020-10-25 20:54:57,098:INFO:Finalizing model
2020-10-25 20:54:57,126:INFO:Uploading results into container
2020-10-25 20:54:57,126:INFO:Uploading model into container
2020-10-25 20:54:57,218:INFO:create_model_container: 1
2020-10-25 20:54:57,218:INFO:master_model_container: 1
2020-10-25 20:54:57,218:INFO:display_container: 1
2020-10-25 20:54:57,221:INFO:LinearRegression(copy_X=True, fit_intercept=True, n_jobs=-1, normalize=False)
2020-10-25 20:54:57,221:INFO:create_model() succesfully completed......................................
2020-10-25 20:54:57,233:INFO:Initializing create_model()
2020-10-25 20:54:57,233:INFO:create_model(estimator=dt, ensemble=False, method=None, fold=10, round=4, cross_validation=True, verbose=True, system=True)
2020-10-25 20:54:57,234:INFO:Checking exceptions
2020-10-25 20:54:57,234:INFO:Preloading libraries
2020-10-25 20:54:57,234:INFO:Preparing display monitor
2020-10-25 20:54:57,268:INFO:Copying training dataset
2020-10-25 20:54:57,270:INFO:Importing libraries
2020-10-25 20:54:57,271:INFO:Defining folds
2020-10-25 20:54:57,271:INFO:Declaring metric variables
2020-10-25 20:54:57,278:INFO:Decision Tree Imported succesfully
2020-10-25 20:54:57,279:INFO:Checking ensemble method
2020-10-25 20:54:57,288:INFO:Initializing Fold 1
2020-10-25 20:54:57,300:INFO:Fitting Model
2020-10-25 20:54:57,348:INFO:Evaluating Metrics
2020-10-25 20:54:57,352:INFO:No inverse transformation
2020-10-25 20:54:57,353:INFO:Compiling Metrics
2020-10-25 20:54:57,393:INFO:Initializing Fold 2
2020-10-25 20:54:57,407:INFO:Fitting Model
2020-10-25 20:54:57,445:INFO:Evaluating Metrics
2020-10-25 20:54:57,449:INFO:No inverse transformation
2020-10-25 20:54:57,449:INFO:Compiling Metrics
2020-10-25 20:54:57,477:INFO:Initializing Fold 3
2020-10-25 20:54:57,494:INFO:Fitting Model
2020-10-25 20:54:57,532:INFO:Evaluating Metrics
2020-10-25 20:54:57,535:INFO:No inverse transformation
2020-10-25 20:54:57,536:INFO:Compiling Metrics
2020-10-25 20:54:57,568:INFO:Initializing Fold 4
2020-10-25 20:54:57,582:INFO:Fitting Model
2020-10-25 20:54:57,629:INFO:Evaluating Metrics
2020-10-25 20:54:57,636:INFO:No inverse transformation
2020-10-25 20:54:57,637:INFO:Compiling Metrics
2020-10-25 20:54:57,667:INFO:Initializing Fold 5
2020-10-25 20:54:57,678:INFO:Fitting Model
2020-10-25 20:54:57,719:INFO:Evaluating Metrics
2020-10-25 20:54:57,723:INFO:No inverse transformation
2020-10-25 20:54:57,723:INFO:Compiling Metrics
2020-10-25 20:54:57,746:INFO:Initializing Fold 6
2020-10-25 20:54:57,757:INFO:Fitting Model
2020-10-25 20:54:57,789:INFO:Evaluating Metrics
2020-10-25 20:54:57,792:INFO:No inverse transformation
2020-10-25 20:54:57,792:INFO:Compiling Metrics
2020-10-25 20:54:57,816:INFO:Initializing Fold 7
2020-10-25 20:54:57,827:INFO:Fitting Model
2020-10-25 20:54:57,861:INFO:Evaluating Metrics
2020-10-25 20:54:57,864:INFO:No inverse transformation
2020-10-25 20:54:57,864:INFO:Compiling Metrics
2020-10-25 20:54:57,896:INFO:Initializing Fold 8
2020-10-25 20:54:57,909:INFO:Fitting Model
2020-10-25 20:54:57,946:INFO:Evaluating Metrics
2020-10-25 20:54:57,950:INFO:No inverse transformation
2020-10-25 20:54:57,951:INFO:Compiling Metrics
2020-10-25 20:54:57,984:INFO:Initializing Fold 9
2020-10-25 20:54:58,000:INFO:Fitting Model
2020-10-25 20:54:58,037:INFO:Evaluating Metrics
2020-10-25 20:54:58,042:INFO:No inverse transformation
2020-10-25 20:54:58,042:INFO:Compiling Metrics
2020-10-25 20:54:58,075:INFO:Initializing Fold 10
2020-10-25 20:54:58,092:INFO:Fitting Model
2020-10-25 20:54:58,131:INFO:Evaluating Metrics
2020-10-25 20:54:58,133:INFO:No inverse transformation
2020-10-25 20:54:58,133:INFO:Compiling Metrics
2020-10-25 20:54:58,165:INFO:Calculating mean and std
2020-10-25 20:54:58,168:INFO:Creating metrics dataframe
2020-10-25 20:54:58,184:INFO:Finalizing model
2020-10-25 20:54:58,226:INFO:Uploading results into container
2020-10-25 20:54:58,226:INFO:Uploading model into container
2020-10-25 20:54:58,282:INFO:create_model_container: 2
2020-10-25 20:54:58,283:INFO:master_model_container: 2
2020-10-25 20:54:58,284:INFO:display_container: 2
2020-10-25 20:54:58,285:INFO:DecisionTreeRegressor(ccp_alpha=0.0, criterion='mse', max_depth=None,
                      max_features=None, max_leaf_nodes=None,
                      min_impurity_decrease=0.0, min_impurity_split=None,
                      min_samples_leaf=1, min_samples_split=2,
                      min_weight_fraction_leaf=0.0, presort='deprecated',
                      random_state=5208, splitter='best')
2020-10-25 20:54:58,285:INFO:create_model() succesfully completed......................................
2020-10-25 20:54:58,297:INFO:Initializing compare_models()
2020-10-25 20:54:58,297:INFO:compare_models(exclude=None, include=None, fold=10, round=4, sort=R2, n_select=1, turbo=True, verbose=True)
2020-10-25 20:54:58,297:INFO:Checking exceptions
2020-10-25 20:54:58,298:INFO:Preloading libraries
2020-10-25 20:54:58,298:INFO:Preparing display monitor
2020-10-25 20:54:58,347:INFO:Copying training dataset
2020-10-25 20:54:58,349:INFO:Importing libraries
2020-10-25 20:54:58,612:INFO:Importing untrained models
2020-10-25 20:54:58,654:INFO:Import successful
2020-10-25 20:54:58,665:INFO:Defining folds
2020-10-25 20:54:58,665:INFO:Declaring metric variables
2020-10-25 20:54:58,666:INFO:Initializing Linear Regression
2020-10-25 20:54:58,677:INFO:Initializing Fold 1
2020-10-25 20:54:58,679:INFO:Total runtime is 0.00021605889002482097 minutes
2020-10-25 20:54:58,694:INFO:Fitting Model
2020-10-25 20:54:58,701:INFO:Evaluating Metrics
2020-10-25 20:54:58,705:INFO:No inverse transformer found
2020-10-25 20:54:58,706:INFO:Compiling Metrics
2020-10-25 20:54:58,719:INFO:Initializing Fold 2
2020-10-25 20:54:58,720:INFO:Total runtime is 0.0008978406588236491 minutes
2020-10-25 20:54:58,733:INFO:Fitting Model
2020-10-25 20:54:58,742:INFO:Evaluating Metrics
2020-10-25 20:54:58,745:INFO:No inverse transformer found
2020-10-25 20:54:58,746:INFO:Compiling Metrics
2020-10-25 20:54:58,763:INFO:Initializing Fold 3
2020-10-25 20:54:58,765:INFO:Total runtime is 0.0016455570856730144 minutes
2020-10-25 20:54:58,785:INFO:Fitting Model
2020-10-25 20:54:58,795:INFO:Evaluating Metrics
2020-10-25 20:54:58,801:INFO:No inverse transformer found
2020-10-25 20:54:58,801:INFO:Compiling Metrics
2020-10-25 20:54:58,824:INFO:Initializing Fold 4
2020-10-25 20:54:58,825:INFO:Total runtime is 0.0026428977648417155 minutes
2020-10-25 20:54:58,838:INFO:Fitting Model
2020-10-25 20:54:58,844:INFO:Evaluating Metrics
2020-10-25 20:54:58,848:INFO:No inverse transformer found
2020-10-25 20:54:58,848:INFO:Compiling Metrics
2020-10-25 20:54:58,864:INFO:Initializing Fold 5
2020-10-25 20:54:58,865:INFO:Total runtime is 0.003307779630025228 minutes
2020-10-25 20:54:58,880:INFO:Fitting Model
2020-10-25 20:54:58,887:INFO:Evaluating Metrics
2020-10-25 20:54:58,891:INFO:No inverse transformer found
2020-10-25 20:54:58,891:INFO:Compiling Metrics
2020-10-25 20:54:58,903:INFO:Initializing Fold 6
2020-10-25 20:54:58,905:INFO:Total runtime is 0.00397265354792277 minutes
2020-10-25 20:54:58,918:INFO:Fitting Model
2020-10-25 20:54:58,924:INFO:Evaluating Metrics
2020-10-25 20:54:58,928:INFO:No inverse transformer found
2020-10-25 20:54:58,928:INFO:Compiling Metrics
2020-10-25 20:54:58,945:INFO:Initializing Fold 7
2020-10-25 20:54:58,946:INFO:Total runtime is 0.0046541849772135414 minutes
2020-10-25 20:54:58,959:INFO:Fitting Model
2020-10-25 20:54:58,967:INFO:Evaluating Metrics
2020-10-25 20:54:58,971:INFO:No inverse transformer found
2020-10-25 20:54:58,971:INFO:Compiling Metrics
2020-10-25 20:54:58,985:INFO:Initializing Fold 8
2020-10-25 20:54:58,987:INFO:Total runtime is 0.005335704485575358 minutes
2020-10-25 20:54:59,001:INFO:Fitting Model
2020-10-25 20:54:59,009:INFO:Evaluating Metrics
2020-10-25 20:54:59,014:INFO:No inverse transformer found
2020-10-25 20:54:59,014:INFO:Compiling Metrics
2020-10-25 20:54:59,024:INFO:Initializing Fold 9
2020-10-25 20:54:59,025:INFO:Total runtime is 0.0059839407602945965 minutes
2020-10-25 20:54:59,040:INFO:Fitting Model
2020-10-25 20:54:59,048:INFO:Evaluating Metrics
2020-10-25 20:54:59,052:INFO:No inverse transformer found
2020-10-25 20:54:59,052:INFO:Compiling Metrics
2020-10-25 20:54:59,063:INFO:Initializing Fold 10
2020-10-25 20:54:59,065:INFO:Total runtime is 0.0066322286923726406 minutes
2020-10-25 20:54:59,078:INFO:Fitting Model
2020-10-25 20:54:59,086:INFO:Evaluating Metrics
2020-10-25 20:54:59,089:INFO:No inverse transformer found
2020-10-25 20:54:59,089:INFO:Compiling Metrics
2020-10-25 20:54:59,099:INFO:Calculating mean and std
2020-10-25 20:54:59,100:INFO:Creating metrics dataframe
2020-10-25 20:54:59,123:INFO:Initializing Lasso Regression
2020-10-25 20:54:59,137:INFO:Initializing Fold 1
2020-10-25 20:54:59,139:INFO:Total runtime is 0.007878903547922771 minutes
2020-10-25 20:54:59,157:INFO:Fitting Model
2020-10-25 20:54:59,322:INFO:Evaluating Metrics
2020-10-25 20:54:59,325:INFO:No inverse transformer found
2020-10-25 20:54:59,326:INFO:Compiling Metrics
2020-10-25 20:54:59,339:INFO:Initializing Fold 2
2020-10-25 20:54:59,340:INFO:Total runtime is 0.011219974358876547 minutes
2020-10-25 20:54:59,351:INFO:Fitting Model
2020-10-25 20:54:59,414:INFO:Evaluating Metrics
2020-10-25 20:54:59,416:INFO:No inverse transformer found
2020-10-25 20:54:59,416:INFO:Compiling Metrics
2020-10-25 20:54:59,428:INFO:Initializing Fold 3
2020-10-25 20:54:59,429:INFO:Total runtime is 0.01271596352259318 minutes
2020-10-25 20:54:59,443:INFO:Fitting Model
2020-10-25 20:54:59,467:INFO:Evaluating Metrics
2020-10-25 20:54:59,470:INFO:No inverse transformer found
2020-10-25 20:54:59,470:INFO:Compiling Metrics
2020-10-25 20:54:59,479:INFO:Initializing Fold 4
2020-10-25 20:54:59,481:INFO:Total runtime is 0.013580318291982016 minutes
2020-10-25 20:54:59,493:INFO:Fitting Model
2020-10-25 20:54:59,528:INFO:Evaluating Metrics
2020-10-25 20:54:59,530:INFO:No inverse transformer found
2020-10-25 20:54:59,530:INFO:Compiling Metrics
2020-10-25 20:54:59,544:INFO:Initializing Fold 5
2020-10-25 20:54:59,546:INFO:Total runtime is 0.014660779635111492 minutes
2020-10-25 20:54:59,560:INFO:Fitting Model
2020-10-25 20:54:59,625:INFO:Evaluating Metrics
2020-10-25 20:54:59,628:INFO:No inverse transformer found
2020-10-25 20:54:59,628:INFO:Compiling Metrics
2020-10-25 20:54:59,638:INFO:Initializing Fold 6
2020-10-25 20:54:59,640:INFO:Total runtime is 0.01622326374053955 minutes
2020-10-25 20:54:59,654:INFO:Fitting Model
2020-10-25 20:54:59,733:INFO:Evaluating Metrics
2020-10-25 20:54:59,737:INFO:No inverse transformer found
2020-10-25 20:54:59,737:INFO:Compiling Metrics
2020-10-25 20:54:59,781:INFO:Initializing Fold 7
2020-10-25 20:54:59,783:INFO:Total runtime is 0.018616882960001628 minutes
2020-10-25 20:54:59,811:INFO:Fitting Model
2020-10-25 20:54:59,838:INFO:Evaluating Metrics
2020-10-25 20:54:59,845:INFO:No inverse transformer found
2020-10-25 20:54:59,845:INFO:Compiling Metrics
2020-10-25 20:54:59,864:INFO:Initializing Fold 8
2020-10-25 20:54:59,865:INFO:Total runtime is 0.019979894161224365 minutes
2020-10-25 20:54:59,881:INFO:Fitting Model
2020-10-25 20:54:59,916:INFO:Evaluating Metrics
2020-10-25 20:54:59,919:INFO:No inverse transformer found
2020-10-25 20:54:59,919:INFO:Compiling Metrics
2020-10-25 20:54:59,928:INFO:Initializing Fold 9
2020-10-25 20:54:59,929:INFO:Total runtime is 0.021043701966603597 minutes
2020-10-25 20:54:59,944:INFO:Fitting Model
2020-10-25 20:54:59,984:INFO:Evaluating Metrics
2020-10-25 20:54:59,987:INFO:No inverse transformer found
2020-10-25 20:54:59,987:INFO:Compiling Metrics
2020-10-25 20:54:59,996:INFO:Initializing Fold 10
2020-10-25 20:54:59,997:INFO:Total runtime is 0.02217400868733724 minutes
2020-10-25 20:55:00,025:INFO:Fitting Model
2020-10-25 20:55:00,068:INFO:Evaluating Metrics
2020-10-25 20:55:00,074:INFO:No inverse transformer found
2020-10-25 20:55:00,074:INFO:Compiling Metrics
2020-10-25 20:55:00,098:INFO:Calculating mean and std
2020-10-25 20:55:00,099:INFO:Creating metrics dataframe
2020-10-25 20:55:00,146:INFO:Initializing Ridge Regression
2020-10-25 20:55:00,157:INFO:Initializing Fold 1
2020-10-25 20:55:00,159:INFO:Total runtime is 0.02488346894582113 minutes
2020-10-25 20:55:00,176:INFO:Fitting Model
2020-10-25 20:55:00,328:INFO:Evaluating Metrics
2020-10-25 20:55:00,330:INFO:No inverse transformer found
2020-10-25 20:55:00,330:INFO:Compiling Metrics
2020-10-25 20:55:00,343:INFO:Initializing Fold 2
2020-10-25 20:55:00,344:INFO:Total runtime is 0.027958540121714275 minutes
2020-10-25 20:55:00,357:INFO:Fitting Model
2020-10-25 20:55:00,515:INFO:Evaluating Metrics
2020-10-25 20:55:00,517:INFO:No inverse transformer found
2020-10-25 20:55:00,517:INFO:Compiling Metrics
2020-10-25 20:55:00,525:INFO:Initializing Fold 3
2020-10-25 20:55:00,527:INFO:Total runtime is 0.031017037232716878 minutes
2020-10-25 20:55:00,542:INFO:Fitting Model
2020-10-25 20:55:00,549:INFO:Evaluating Metrics
2020-10-25 20:55:00,553:INFO:No inverse transformer found
2020-10-25 20:55:00,553:INFO:Compiling Metrics
2020-10-25 20:55:00,565:INFO:Initializing Fold 4
2020-10-25 20:55:00,566:INFO:Total runtime is 0.03166530927022298 minutes
2020-10-25 20:55:00,580:INFO:Fitting Model
2020-10-25 20:55:00,588:INFO:Evaluating Metrics
2020-10-25 20:55:00,591:INFO:No inverse transformer found
2020-10-25 20:55:00,591:INFO:Compiling Metrics
2020-10-25 20:55:00,602:INFO:Initializing Fold 5
2020-10-25 20:55:00,603:INFO:Total runtime is 0.032280361652374266 minutes
2020-10-25 20:55:00,616:INFO:Fitting Model
2020-10-25 20:55:00,623:INFO:Evaluating Metrics
2020-10-25 20:55:00,625:INFO:No inverse transformer found
2020-10-25 20:55:00,625:INFO:Compiling Metrics
2020-10-25 20:55:00,634:INFO:Initializing Fold 6
2020-10-25 20:55:00,636:INFO:Total runtime is 0.032828859488169354 minutes
2020-10-25 20:55:00,649:INFO:Fitting Model
2020-10-25 20:55:00,656:INFO:Evaluating Metrics
2020-10-25 20:55:00,659:INFO:No inverse transformer found
2020-10-25 20:55:00,659:INFO:Compiling Metrics
2020-10-25 20:55:00,671:INFO:Initializing Fold 7
2020-10-25 20:55:00,672:INFO:Total runtime is 0.03342725038528443 minutes
2020-10-25 20:55:00,685:INFO:Fitting Model
2020-10-25 20:55:00,694:INFO:Evaluating Metrics
2020-10-25 20:55:00,698:INFO:No inverse transformer found
2020-10-25 20:55:00,699:INFO:Compiling Metrics
2020-10-25 20:55:00,710:INFO:Initializing Fold 8
2020-10-25 20:55:00,713:INFO:Total runtime is 0.03410878578821819 minutes
2020-10-25 20:55:00,725:INFO:Fitting Model
2020-10-25 20:55:00,733:INFO:Evaluating Metrics
2020-10-25 20:55:00,737:INFO:No inverse transformer found
2020-10-25 20:55:00,737:INFO:Compiling Metrics
2020-10-25 20:55:00,750:INFO:Initializing Fold 9
2020-10-25 20:55:00,752:INFO:Total runtime is 0.03475703001022339 minutes
2020-10-25 20:55:00,771:INFO:Fitting Model
2020-10-25 20:55:00,777:INFO:Evaluating Metrics
2020-10-25 20:55:00,781:INFO:No inverse transformer found
2020-10-25 20:55:00,781:INFO:Compiling Metrics
2020-10-25 20:55:00,795:INFO:Initializing Fold 10
2020-10-25 20:55:00,797:INFO:Total runtime is 0.0355050285657247 minutes
2020-10-25 20:55:00,812:INFO:Fitting Model
2020-10-25 20:55:00,818:INFO:Evaluating Metrics
2020-10-25 20:55:00,822:INFO:No inverse transformer found
2020-10-25 20:55:00,822:INFO:Compiling Metrics
2020-10-25 20:55:00,839:INFO:Calculating mean and std
2020-10-25 20:55:00,840:INFO:Creating metrics dataframe
2020-10-25 20:55:00,867:INFO:Initializing Elastic Net
2020-10-25 20:55:00,884:INFO:Initializing Fold 1
2020-10-25 20:55:00,886:INFO:Total runtime is 0.036984407901763924 minutes
2020-10-25 20:55:00,897:INFO:Fitting Model
2020-10-25 20:55:00,902:INFO:Evaluating Metrics
2020-10-25 20:55:00,908:INFO:No inverse transformer found
2020-10-25 20:55:00,908:INFO:Compiling Metrics
2020-10-25 20:55:00,930:INFO:Initializing Fold 2
2020-10-25 20:55:00,932:INFO:Total runtime is 0.037765697638193776 minutes
2020-10-25 20:55:00,947:INFO:Fitting Model
2020-10-25 20:55:00,955:INFO:Evaluating Metrics
2020-10-25 20:55:00,958:INFO:No inverse transformer found
2020-10-25 20:55:00,959:INFO:Compiling Metrics
2020-10-25 20:55:00,981:INFO:Initializing Fold 3
2020-10-25 20:55:00,983:INFO:Total runtime is 0.03861340284347535 minutes
2020-10-25 20:55:01,001:INFO:Fitting Model
2020-10-25 20:55:01,010:INFO:Evaluating Metrics
2020-10-25 20:55:01,017:INFO:No inverse transformer found
2020-10-25 20:55:01,017:INFO:Compiling Metrics
2020-10-25 20:55:01,033:INFO:Initializing Fold 4
2020-10-25 20:55:01,034:INFO:Total runtime is 0.03946111202239991 minutes
2020-10-25 20:55:01,046:INFO:Fitting Model
2020-10-25 20:55:01,053:INFO:Evaluating Metrics
2020-10-25 20:55:01,058:INFO:No inverse transformer found
2020-10-25 20:55:01,058:INFO:Compiling Metrics
2020-10-25 20:55:01,071:INFO:Initializing Fold 5
2020-10-25 20:55:01,072:INFO:Total runtime is 0.04009277025858562 minutes
2020-10-25 20:55:01,084:INFO:Fitting Model
2020-10-25 20:55:01,092:INFO:Evaluating Metrics
2020-10-25 20:55:01,094:INFO:No inverse transformer found
2020-10-25 20:55:01,094:INFO:Compiling Metrics
2020-10-25 20:55:01,105:INFO:Initializing Fold 6
2020-10-25 20:55:01,107:INFO:Total runtime is 0.04067455132802328 minutes
2020-10-25 20:55:01,120:INFO:Fitting Model
2020-10-25 20:55:01,127:INFO:Evaluating Metrics
2020-10-25 20:55:01,132:INFO:No inverse transformer found
2020-10-25 20:55:01,132:INFO:Compiling Metrics
2020-10-25 20:55:01,147:INFO:Initializing Fold 7
2020-10-25 20:55:01,148:INFO:Total runtime is 0.04135606686274211 minutes
2020-10-25 20:55:01,161:INFO:Fitting Model
2020-10-25 20:55:01,171:INFO:Evaluating Metrics
2020-10-25 20:55:01,175:INFO:No inverse transformer found
2020-10-25 20:55:01,175:INFO:Compiling Metrics
2020-10-25 20:55:01,190:INFO:Initializing Fold 8
2020-10-25 20:55:01,191:INFO:Total runtime is 0.04207081000010173 minutes
2020-10-25 20:55:01,204:INFO:Fitting Model
2020-10-25 20:55:01,213:INFO:Evaluating Metrics
2020-10-25 20:55:01,216:INFO:No inverse transformer found
2020-10-25 20:55:01,217:INFO:Compiling Metrics
2020-10-25 20:55:01,234:INFO:Initializing Fold 9
2020-10-25 20:55:01,236:INFO:Total runtime is 0.04281883637110393 minutes
2020-10-25 20:55:01,250:INFO:Fitting Model
2020-10-25 20:55:01,259:INFO:Evaluating Metrics
2020-10-25 20:55:01,263:INFO:No inverse transformer found
2020-10-25 20:55:01,263:INFO:Compiling Metrics
2020-10-25 20:55:01,276:INFO:Initializing Fold 10
2020-10-25 20:55:01,277:INFO:Total runtime is 0.04351696173350017 minutes
2020-10-25 20:55:01,292:INFO:Fitting Model
2020-10-25 20:55:01,301:INFO:Evaluating Metrics
2020-10-25 20:55:01,305:INFO:No inverse transformer found
2020-10-25 20:55:01,306:INFO:Compiling Metrics
2020-10-25 20:55:01,320:INFO:Calculating mean and std
2020-10-25 20:55:01,321:INFO:Creating metrics dataframe
2020-10-25 20:55:01,342:INFO:Initializing Least Angle Regression
2020-10-25 20:55:01,353:INFO:Initializing Fold 1
2020-10-25 20:55:01,354:INFO:Total runtime is 0.044796876112620045 minutes
2020-10-25 20:55:01,365:INFO:Fitting Model
2020-10-25 20:55:01,523:INFO:Evaluating Metrics
2020-10-25 20:55:01,525:INFO:No inverse transformer found
2020-10-25 20:55:01,525:INFO:Compiling Metrics
2020-10-25 20:55:01,535:INFO:Initializing Fold 2
2020-10-25 20:55:01,536:INFO:Total runtime is 0.04782209793726604 minutes
2020-10-25 20:55:01,550:INFO:Fitting Model
2020-10-25 20:55:01,560:INFO:Evaluating Metrics
2020-10-25 20:55:01,563:INFO:No inverse transformer found
2020-10-25 20:55:01,563:INFO:Compiling Metrics
2020-10-25 20:55:01,576:INFO:Initializing Fold 3
2020-10-25 20:55:01,577:INFO:Total runtime is 0.04850361744562786 minutes
2020-10-25 20:55:01,590:INFO:Fitting Model
2020-10-25 20:55:01,599:INFO:Evaluating Metrics
2020-10-25 20:55:01,601:INFO:No inverse transformer found
2020-10-25 20:55:01,601:INFO:Compiling Metrics
2020-10-25 20:55:01,616:INFO:Initializing Fold 4
2020-10-25 20:55:01,617:INFO:Total runtime is 0.0491684913635254 minutes
2020-10-25 20:55:01,629:INFO:Fitting Model
2020-10-25 20:55:01,641:INFO:Evaluating Metrics
2020-10-25 20:55:01,643:INFO:No inverse transformer found
2020-10-25 20:55:01,643:INFO:Compiling Metrics
2020-10-25 20:55:01,656:INFO:Initializing Fold 5
2020-10-25 20:55:01,658:INFO:Total runtime is 0.049866624673207606 minutes
2020-10-25 20:55:01,670:INFO:Fitting Model
2020-10-25 20:55:01,681:INFO:Evaluating Metrics
2020-10-25 20:55:01,684:INFO:No inverse transformer found
2020-10-25 20:55:01,684:INFO:Compiling Metrics
2020-10-25 20:55:01,698:INFO:Initializing Fold 6
2020-10-25 20:55:01,700:INFO:Total runtime is 0.05056475798288981 minutes
2020-10-25 20:55:01,716:INFO:Fitting Model
2020-10-25 20:55:01,727:INFO:Evaluating Metrics
2020-10-25 20:55:01,731:INFO:No inverse transformer found
2020-10-25 20:55:01,731:INFO:Compiling Metrics
2020-10-25 20:55:01,742:INFO:Initializing Fold 7
2020-10-25 20:55:01,743:INFO:Total runtime is 0.051279513041178386 minutes
2020-10-25 20:55:01,755:INFO:Fitting Model
2020-10-25 20:55:01,764:INFO:Evaluating Metrics
2020-10-25 20:55:01,767:INFO:No inverse transformer found
2020-10-25 20:55:01,767:INFO:Compiling Metrics
2020-10-25 20:55:01,782:INFO:Initializing Fold 8
2020-10-25 20:55:01,783:INFO:Total runtime is 0.051944386959075925 minutes
2020-10-25 20:55:01,798:INFO:Fitting Model
2020-10-25 20:55:01,813:INFO:Evaluating Metrics
2020-10-25 20:55:01,817:INFO:No inverse transformer found
2020-10-25 20:55:01,817:INFO:Compiling Metrics
2020-10-25 20:55:01,831:INFO:Initializing Fold 9
2020-10-25 20:55:01,833:INFO:Total runtime is 0.05277554194132487 minutes
2020-10-25 20:55:01,844:INFO:Fitting Model
2020-10-25 20:55:01,859:INFO:Evaluating Metrics
2020-10-25 20:55:01,864:INFO:No inverse transformer found
2020-10-25 20:55:01,864:INFO:Compiling Metrics
2020-10-25 20:55:01,879:INFO:Initializing Fold 10
2020-10-25 20:55:01,880:INFO:Total runtime is 0.053556760152180985 minutes
2020-10-25 20:55:01,893:INFO:Fitting Model
2020-10-25 20:55:01,905:INFO:Evaluating Metrics
2020-10-25 20:55:01,909:INFO:No inverse transformer found
2020-10-25 20:55:01,909:INFO:Compiling Metrics
2020-10-25 20:55:01,921:INFO:Calculating mean and std
2020-10-25 20:55:01,921:INFO:Creating metrics dataframe
2020-10-25 20:55:01,947:INFO:Initializing Lasso Least Angle Regression
2020-10-25 20:55:01,961:INFO:Initializing Fold 1
2020-10-25 20:55:01,963:INFO:Total runtime is 0.054936440785725904 minutes
2020-10-25 20:55:01,980:INFO:Fitting Model
2020-10-25 20:55:01,991:INFO:Evaluating Metrics
2020-10-25 20:55:01,993:INFO:No inverse transformer found
2020-10-25 20:55:01,993:INFO:Compiling Metrics
2020-10-25 20:55:02,007:INFO:Initializing Fold 2
2020-10-25 20:55:02,009:INFO:Total runtime is 0.05570102135340372 minutes
2020-10-25 20:55:02,022:INFO:Fitting Model
2020-10-25 20:55:02,028:INFO:Evaluating Metrics
2020-10-25 20:55:02,033:INFO:No inverse transformer found
2020-10-25 20:55:02,033:INFO:Compiling Metrics
2020-10-25 20:55:02,050:INFO:Initializing Fold 3
2020-10-25 20:55:02,052:INFO:Total runtime is 0.05643240213394164 minutes
2020-10-25 20:55:02,064:INFO:Fitting Model
2020-10-25 20:55:02,074:INFO:Evaluating Metrics
2020-10-25 20:55:02,079:INFO:No inverse transformer found
2020-10-25 20:55:02,079:INFO:Compiling Metrics
2020-10-25 20:55:02,092:INFO:Initializing Fold 4
2020-10-25 20:55:02,093:INFO:Total runtime is 0.05711392164230346 minutes
2020-10-25 20:55:02,107:INFO:Fitting Model
2020-10-25 20:55:02,226:INFO:Evaluating Metrics
2020-10-25 20:55:02,229:INFO:No inverse transformer found
2020-10-25 20:55:02,229:INFO:Compiling Metrics
2020-10-25 20:55:02,240:INFO:Initializing Fold 5
2020-10-25 20:55:02,241:INFO:Total runtime is 0.059574023882548004 minutes
2020-10-25 20:55:02,255:INFO:Fitting Model
2020-10-25 20:55:02,268:INFO:Evaluating Metrics
2020-10-25 20:55:02,272:INFO:No inverse transformer found
2020-10-25 20:55:02,272:INFO:Compiling Metrics
2020-10-25 20:55:02,289:INFO:Initializing Fold 6
2020-10-25 20:55:02,290:INFO:Total runtime is 0.06038848956425984 minutes
2020-10-25 20:55:02,302:INFO:Fitting Model
2020-10-25 20:55:02,317:INFO:Evaluating Metrics
2020-10-25 20:55:02,323:INFO:No inverse transformer found
2020-10-25 20:55:02,323:INFO:Compiling Metrics
2020-10-25 20:55:02,345:INFO:Initializing Fold 7
2020-10-25 20:55:02,347:INFO:Total runtime is 0.061319351196289056 minutes
2020-10-25 20:55:02,368:INFO:Fitting Model
2020-10-25 20:55:02,394:INFO:Evaluating Metrics
2020-10-25 20:55:02,398:INFO:No inverse transformer found
2020-10-25 20:55:02,399:INFO:Compiling Metrics
2020-10-25 20:55:02,430:INFO:Initializing Fold 8
2020-10-25 20:55:02,432:INFO:Total runtime is 0.06276547511418659 minutes
2020-10-25 20:55:02,450:INFO:Fitting Model
2020-10-25 20:55:02,473:INFO:Evaluating Metrics
2020-10-25 20:55:02,480:INFO:No inverse transformer found
2020-10-25 20:55:02,480:INFO:Compiling Metrics
2020-10-25 20:55:02,506:INFO:Initializing Fold 9
2020-10-25 20:55:02,508:INFO:Total runtime is 0.06402876377105711 minutes
2020-10-25 20:55:02,521:INFO:Fitting Model
2020-10-25 20:55:02,547:INFO:Evaluating Metrics
2020-10-25 20:55:02,552:INFO:No inverse transformer found
2020-10-25 20:55:02,553:INFO:Compiling Metrics
2020-10-25 20:55:02,576:INFO:Initializing Fold 10
2020-10-25 20:55:02,578:INFO:Total runtime is 0.06519232193628945 minutes
2020-10-25 20:55:02,594:INFO:Fitting Model
2020-10-25 20:55:02,603:INFO:Evaluating Metrics
2020-10-25 20:55:02,607:INFO:No inverse transformer found
2020-10-25 20:55:02,607:INFO:Compiling Metrics
2020-10-25 20:55:02,617:INFO:Calculating mean and std
2020-10-25 20:55:02,617:INFO:Creating metrics dataframe
2020-10-25 20:55:02,644:INFO:Initializing Orthogonal Matching Pursuit
2020-10-25 20:55:02,655:INFO:Initializing Fold 1
2020-10-25 20:55:02,656:INFO:Total runtime is 0.06648884614308673 minutes
2020-10-25 20:55:02,668:INFO:Fitting Model
2020-10-25 20:55:02,677:INFO:Evaluating Metrics
2020-10-25 20:55:02,682:INFO:No inverse transformer found
2020-10-25 20:55:02,682:INFO:Compiling Metrics
2020-10-25 20:55:02,708:INFO:Initializing Fold 2
2020-10-25 20:55:02,710:INFO:Total runtime is 0.06738645235697426 minutes
2020-10-25 20:55:02,725:INFO:Fitting Model
2020-10-25 20:55:02,732:INFO:Evaluating Metrics
2020-10-25 20:55:02,739:INFO:No inverse transformer found
2020-10-25 20:55:02,739:INFO:Compiling Metrics
2020-10-25 20:55:02,767:INFO:Initializing Fold 3
2020-10-25 20:55:02,771:INFO:Total runtime is 0.06841706832249957 minutes
2020-10-25 20:55:02,794:INFO:Fitting Model
2020-10-25 20:55:02,813:INFO:Evaluating Metrics
2020-10-25 20:55:02,819:INFO:No inverse transformer found
2020-10-25 20:55:02,820:INFO:Compiling Metrics
2020-10-25 20:55:02,849:INFO:Initializing Fold 4
2020-10-25 20:55:02,851:INFO:Total runtime is 0.06974683602650958 minutes
2020-10-25 20:55:02,880:INFO:Fitting Model
2020-10-25 20:55:02,892:INFO:Evaluating Metrics
2020-10-25 20:55:02,898:INFO:No inverse transformer found
2020-10-25 20:55:02,898:INFO:Compiling Metrics
2020-10-25 20:55:02,925:INFO:Initializing Fold 5
2020-10-25 20:55:02,927:INFO:Total runtime is 0.07101010481516518 minutes
2020-10-25 20:55:02,948:INFO:Fitting Model
2020-10-25 20:55:02,955:INFO:Evaluating Metrics
2020-10-25 20:55:02,960:INFO:No inverse transformer found
2020-10-25 20:55:02,960:INFO:Compiling Metrics
2020-10-25 20:55:02,997:INFO:Initializing Fold 6
2020-10-25 20:55:03,000:INFO:Total runtime is 0.07222394148508705 minutes
2020-10-25 20:55:03,026:INFO:Fitting Model
2020-10-25 20:55:03,033:INFO:Evaluating Metrics
2020-10-25 20:55:03,042:INFO:No inverse transformer found
2020-10-25 20:55:03,043:INFO:Compiling Metrics
2020-10-25 20:55:03,063:INFO:Initializing Fold 7
2020-10-25 20:55:03,065:INFO:Total runtime is 0.07330395778020221 minutes
2020-10-25 20:55:03,081:INFO:Fitting Model
2020-10-25 20:55:03,093:INFO:Evaluating Metrics
2020-10-25 20:55:03,098:INFO:No inverse transformer found
2020-10-25 20:55:03,098:INFO:Compiling Metrics
2020-10-25 20:55:03,118:INFO:Initializing Fold 8
2020-10-25 20:55:03,120:INFO:Total runtime is 0.07421818176905312 minutes
2020-10-25 20:55:03,132:INFO:Fitting Model
2020-10-25 20:55:03,137:INFO:Evaluating Metrics
2020-10-25 20:55:03,141:INFO:No inverse transformer found
2020-10-25 20:55:03,141:INFO:Compiling Metrics
2020-10-25 20:55:03,159:INFO:Initializing Fold 9
2020-10-25 20:55:03,160:INFO:Total runtime is 0.07489970525105792 minutes
2020-10-25 20:55:03,174:INFO:Fitting Model
2020-10-25 20:55:03,180:INFO:Evaluating Metrics
2020-10-25 20:55:03,183:INFO:No inverse transformer found
2020-10-25 20:55:03,183:INFO:Compiling Metrics
2020-10-25 20:55:03,193:INFO:Initializing Fold 10
2020-10-25 20:55:03,196:INFO:Total runtime is 0.07549810409545896 minutes
2020-10-25 20:55:03,211:INFO:Fitting Model
2020-10-25 20:55:03,219:INFO:Evaluating Metrics
2020-10-25 20:55:03,224:INFO:No inverse transformer found
2020-10-25 20:55:03,224:INFO:Compiling Metrics
2020-10-25 20:55:03,239:INFO:Calculating mean and std
2020-10-25 20:55:03,240:INFO:Creating metrics dataframe
2020-10-25 20:55:03,268:INFO:Initializing Bayesian Ridge
2020-10-25 20:55:03,280:INFO:Initializing Fold 1
2020-10-25 20:55:03,282:INFO:Total runtime is 0.07692762613296505 minutes
2020-10-25 20:55:03,304:INFO:Fitting Model
2020-10-25 20:55:03,313:INFO:Evaluating Metrics
2020-10-25 20:55:03,323:INFO:No inverse transformer found
2020-10-25 20:55:03,323:INFO:Compiling Metrics
2020-10-25 20:55:03,341:INFO:Initializing Fold 2
2020-10-25 20:55:03,343:INFO:Total runtime is 0.07794155677159624 minutes
2020-10-25 20:55:03,360:INFO:Fitting Model
2020-10-25 20:55:03,374:INFO:Evaluating Metrics
2020-10-25 20:55:03,378:INFO:No inverse transformer found
2020-10-25 20:55:03,378:INFO:Compiling Metrics
2020-10-25 20:55:03,396:INFO:Initializing Fold 3
2020-10-25 20:55:03,398:INFO:Total runtime is 0.07885580857594805 minutes
2020-10-25 20:55:03,419:INFO:Fitting Model
2020-10-25 20:55:03,429:INFO:Evaluating Metrics
2020-10-25 20:55:03,434:INFO:No inverse transformer found
2020-10-25 20:55:03,434:INFO:Compiling Metrics
2020-10-25 20:55:03,450:INFO:Initializing Fold 4
2020-10-25 20:55:03,451:INFO:Total runtime is 0.07973676522572833 minutes
2020-10-25 20:55:03,466:INFO:Fitting Model
2020-10-25 20:55:03,480:INFO:Evaluating Metrics
2020-10-25 20:55:03,485:INFO:No inverse transformer found
2020-10-25 20:55:03,486:INFO:Compiling Metrics
2020-10-25 20:55:03,504:INFO:Initializing Fold 5
2020-10-25 20:55:03,506:INFO:Total runtime is 0.08065100113550819 minutes
2020-10-25 20:55:03,519:INFO:Fitting Model
2020-10-25 20:55:03,526:INFO:Evaluating Metrics
2020-10-25 20:55:03,530:INFO:No inverse transformer found
2020-10-25 20:55:03,531:INFO:Compiling Metrics
2020-10-25 20:55:03,546:INFO:Initializing Fold 6
2020-10-25 20:55:03,547:INFO:Total runtime is 0.0813491344451904 minutes
2020-10-25 20:55:03,562:INFO:Fitting Model
2020-10-25 20:55:03,571:INFO:Evaluating Metrics
2020-10-25 20:55:03,573:INFO:No inverse transformer found
2020-10-25 20:55:03,574:INFO:Compiling Metrics
2020-10-25 20:55:03,587:INFO:Initializing Fold 7
2020-10-25 20:55:03,589:INFO:Total runtime is 0.08204725186030067 minutes
2020-10-25 20:55:03,605:INFO:Fitting Model
2020-10-25 20:55:03,617:INFO:Evaluating Metrics
2020-10-25 20:55:03,623:INFO:No inverse transformer found
2020-10-25 20:55:03,623:INFO:Compiling Metrics
2020-10-25 20:55:03,647:INFO:Initializing Fold 8
2020-10-25 20:55:03,650:INFO:Total runtime is 0.08304461638132728 minutes
2020-10-25 20:55:03,672:INFO:Fitting Model
2020-10-25 20:55:03,681:INFO:Evaluating Metrics
2020-10-25 20:55:03,687:INFO:No inverse transformer found
2020-10-25 20:55:03,688:INFO:Compiling Metrics
2020-10-25 20:55:03,716:INFO:Initializing Fold 9
2020-10-25 20:55:03,720:INFO:Total runtime is 0.08422497908274329 minutes
2020-10-25 20:55:03,752:INFO:Fitting Model
2020-10-25 20:55:03,774:INFO:Evaluating Metrics
2020-10-25 20:55:03,783:INFO:No inverse transformer found
2020-10-25 20:55:03,784:INFO:Compiling Metrics
2020-10-25 20:55:03,833:INFO:Initializing Fold 10
2020-10-25 20:55:03,835:INFO:Total runtime is 0.08611970742543534 minutes
2020-10-25 20:55:03,863:INFO:Fitting Model
2020-10-25 20:55:03,882:INFO:Evaluating Metrics
2020-10-25 20:55:03,890:INFO:No inverse transformer found
2020-10-25 20:55:03,890:INFO:Compiling Metrics
2020-10-25 20:55:03,913:INFO:Calculating mean and std
2020-10-25 20:55:03,914:INFO:Creating metrics dataframe
2020-10-25 20:55:03,962:INFO:Initializing Passive Aggressive Regressor
2020-10-25 20:55:03,980:INFO:Initializing Fold 1
2020-10-25 20:55:03,981:INFO:Total runtime is 0.08857979377110795 minutes
2020-10-25 20:55:03,999:INFO:Fitting Model
2020-10-25 20:55:04,139:INFO:Evaluating Metrics
2020-10-25 20:55:04,143:INFO:No inverse transformer found
2020-10-25 20:55:04,143:INFO:Compiling Metrics
2020-10-25 20:55:04,155:INFO:Initializing Fold 2
2020-10-25 20:55:04,157:INFO:Total runtime is 0.09150722026824946 minutes
2020-10-25 20:55:04,176:INFO:Fitting Model
2020-10-25 20:55:04,224:INFO:Evaluating Metrics
2020-10-25 20:55:04,229:INFO:No inverse transformer found
2020-10-25 20:55:04,229:INFO:Compiling Metrics
2020-10-25 20:55:04,269:INFO:Initializing Fold 3
2020-10-25 20:55:04,272:INFO:Total runtime is 0.093418804804484 minutes
2020-10-25 20:55:04,288:INFO:Fitting Model
2020-10-25 20:55:04,304:INFO:Evaluating Metrics
2020-10-25 20:55:04,308:INFO:No inverse transformer found
2020-10-25 20:55:04,309:INFO:Compiling Metrics
2020-10-25 20:55:04,328:INFO:Initializing Fold 4
2020-10-25 20:55:04,330:INFO:Total runtime is 0.09439952770868933 minutes
2020-10-25 20:55:04,349:INFO:Fitting Model
2020-10-25 20:55:04,364:INFO:Evaluating Metrics
2020-10-25 20:55:04,371:INFO:No inverse transformer found
2020-10-25 20:55:04,371:INFO:Compiling Metrics
2020-10-25 20:55:04,393:INFO:Initializing Fold 5
2020-10-25 20:55:04,396:INFO:Total runtime is 0.09547996123631791 minutes
2020-10-25 20:55:04,412:INFO:Fitting Model
2020-10-25 20:55:04,427:INFO:Evaluating Metrics
2020-10-25 20:55:04,432:INFO:No inverse transformer found
2020-10-25 20:55:04,432:INFO:Compiling Metrics
2020-10-25 20:55:04,453:INFO:Initializing Fold 6
2020-10-25 20:55:04,455:INFO:Total runtime is 0.09647727409998572 minutes
2020-10-25 20:55:04,470:INFO:Fitting Model
2020-10-25 20:55:04,483:INFO:Evaluating Metrics
2020-10-25 20:55:04,491:INFO:No inverse transformer found
2020-10-25 20:55:04,491:INFO:Compiling Metrics
2020-10-25 20:55:04,514:INFO:Initializing Fold 7
2020-10-25 20:55:04,521:INFO:Total runtime is 0.09757471084594722 minutes
2020-10-25 20:55:04,540:INFO:Fitting Model
2020-10-25 20:55:04,553:INFO:Evaluating Metrics
2020-10-25 20:55:04,557:INFO:No inverse transformer found
2020-10-25 20:55:04,558:INFO:Compiling Metrics
2020-10-25 20:55:04,575:INFO:Initializing Fold 8
2020-10-25 20:55:04,576:INFO:Total runtime is 0.09848854939142859 minutes
2020-10-25 20:55:04,589:INFO:Fitting Model
2020-10-25 20:55:04,604:INFO:Evaluating Metrics
2020-10-25 20:55:04,607:INFO:No inverse transformer found
2020-10-25 20:55:04,607:INFO:Compiling Metrics
2020-10-25 20:55:04,626:INFO:Initializing Fold 9
2020-10-25 20:55:04,628:INFO:Total runtime is 0.09933629035949704 minutes
2020-10-25 20:55:04,641:INFO:Fitting Model
2020-10-25 20:55:04,656:INFO:Evaluating Metrics
2020-10-25 20:55:04,658:INFO:No inverse transformer found
2020-10-25 20:55:04,659:INFO:Compiling Metrics
2020-10-25 20:55:04,679:INFO:Initializing Fold 10
2020-10-25 20:55:04,680:INFO:Total runtime is 0.10023390452067053 minutes
2020-10-25 20:55:04,696:INFO:Fitting Model
2020-10-25 20:55:04,710:INFO:Evaluating Metrics
2020-10-25 20:55:04,714:INFO:No inverse transformer found
2020-10-25 20:55:04,714:INFO:Compiling Metrics
2020-10-25 20:55:04,729:INFO:Calculating mean and std
2020-10-25 20:55:04,730:INFO:Creating metrics dataframe
2020-10-25 20:55:04,772:INFO:Initializing Random Sample Consensus
2020-10-25 20:55:04,783:INFO:Initializing Fold 1
2020-10-25 20:55:04,784:INFO:Total runtime is 0.10196260611216224 minutes
2020-10-25 20:55:04,797:INFO:Fitting Model
2020-10-25 20:55:05,199:INFO:Evaluating Metrics
2020-10-25 20:55:05,203:INFO:No inverse transformer found
2020-10-25 20:55:05,203:INFO:Compiling Metrics
2020-10-25 20:55:05,222:INFO:Initializing Fold 2
2020-10-25 20:55:05,224:INFO:Total runtime is 0.10929302374521888 minutes
2020-10-25 20:55:05,239:INFO:Fitting Model
2020-10-25 20:55:05,523:INFO:Evaluating Metrics
2020-10-25 20:55:05,528:INFO:No inverse transformer found
2020-10-25 20:55:05,528:INFO:Compiling Metrics
2020-10-25 20:55:05,538:INFO:Initializing Fold 3
2020-10-25 20:55:05,539:INFO:Total runtime is 0.11454563935597734 minutes
2020-10-25 20:55:05,555:INFO:Fitting Model
2020-10-25 20:55:05,757:INFO:Evaluating Metrics
2020-10-25 20:55:05,760:INFO:No inverse transformer found
2020-10-25 20:55:05,760:INFO:Compiling Metrics
2020-10-25 20:55:05,769:INFO:Initializing Fold 4
2020-10-25 20:55:05,771:INFO:Total runtime is 0.11840199232101437 minutes
2020-10-25 20:55:05,785:INFO:Fitting Model
2020-10-25 20:55:06,008:INFO:Evaluating Metrics
2020-10-25 20:55:06,011:INFO:No inverse transformer found
2020-10-25 20:55:06,011:INFO:Compiling Metrics
2020-10-25 20:55:06,020:INFO:Initializing Fold 5
2020-10-25 20:55:06,022:INFO:Total runtime is 0.1225907723108927 minutes
2020-10-25 20:55:06,035:INFO:Fitting Model
2020-10-25 20:55:06,227:INFO:Evaluating Metrics
2020-10-25 20:55:06,229:INFO:No inverse transformer found
2020-10-25 20:55:06,229:INFO:Compiling Metrics
2020-10-25 20:55:06,238:INFO:Initializing Fold 6
2020-10-25 20:55:06,239:INFO:Total runtime is 0.12621442079544062 minutes
2020-10-25 20:55:06,249:INFO:Fitting Model
2020-10-25 20:55:06,452:INFO:Evaluating Metrics
2020-10-25 20:55:06,455:INFO:No inverse transformer found
2020-10-25 20:55:06,456:INFO:Compiling Metrics
2020-10-25 20:55:06,466:INFO:Initializing Fold 7
2020-10-25 20:55:06,468:INFO:Total runtime is 0.13002089659372962 minutes
2020-10-25 20:55:06,481:INFO:Fitting Model
2020-10-25 20:55:06,686:INFO:Evaluating Metrics
2020-10-25 20:55:06,690:INFO:No inverse transformer found
2020-10-25 20:55:06,690:INFO:Compiling Metrics
2020-10-25 20:55:06,700:INFO:Initializing Fold 8
2020-10-25 20:55:06,701:INFO:Total runtime is 0.13391054868698116 minutes
2020-10-25 20:55:06,714:INFO:Fitting Model
2020-10-25 20:55:06,924:INFO:Evaluating Metrics
2020-10-25 20:55:06,926:INFO:No inverse transformer found
2020-10-25 20:55:06,926:INFO:Compiling Metrics
2020-10-25 20:55:06,936:INFO:Initializing Fold 9
2020-10-25 20:55:06,937:INFO:Total runtime is 0.13785000244776405 minutes
2020-10-25 20:55:06,953:INFO:Fitting Model
2020-10-25 20:55:07,174:INFO:Evaluating Metrics
2020-10-25 20:55:07,177:INFO:No inverse transformer found
2020-10-25 20:55:07,177:INFO:Compiling Metrics
2020-10-25 20:55:07,190:INFO:Initializing Fold 10
2020-10-25 20:55:07,191:INFO:Total runtime is 0.14207201004028316 minutes
2020-10-25 20:55:07,206:INFO:Fitting Model
2020-10-25 20:55:07,413:INFO:Evaluating Metrics
2020-10-25 20:55:07,417:INFO:No inverse transformer found
2020-10-25 20:55:07,417:INFO:Compiling Metrics
2020-10-25 20:55:07,430:INFO:Calculating mean and std
2020-10-25 20:55:07,431:INFO:Creating metrics dataframe
2020-10-25 20:55:07,459:INFO:Initializing TheilSen Regressor
2020-10-25 20:55:07,471:INFO:Initializing Fold 1
2020-10-25 20:55:07,472:INFO:Total runtime is 0.1467595259348551 minutes
2020-10-25 20:55:07,486:INFO:Fitting Model
2020-10-25 20:55:27,973:INFO:Evaluating Metrics
2020-10-25 20:55:27,977:INFO:No inverse transformer found
2020-10-25 20:55:27,977:INFO:Compiling Metrics
2020-10-25 20:55:27,990:INFO:Initializing Fold 2
2020-10-25 20:55:27,992:INFO:Total runtime is 0.488752814133962 minutes
2020-10-25 20:55:28,005:INFO:Fitting Model
2020-10-25 20:55:30,389:INFO:Evaluating Metrics
2020-10-25 20:55:30,391:INFO:No inverse transformer found
2020-10-25 20:55:30,391:INFO:Compiling Metrics
2020-10-25 20:55:30,401:INFO:Initializing Fold 3
2020-10-25 20:55:30,402:INFO:Total runtime is 0.5289287408192952 minutes
2020-10-25 20:55:30,413:INFO:Fitting Model
2020-10-25 20:55:32,784:INFO:Evaluating Metrics
2020-10-25 20:55:32,786:INFO:No inverse transformer found
2020-10-25 20:55:32,786:INFO:Compiling Metrics
2020-10-25 20:55:32,797:INFO:Initializing Fold 4
2020-10-25 20:55:32,798:INFO:Total runtime is 0.5688552975654602 minutes
2020-10-25 20:55:32,811:INFO:Fitting Model
2020-10-25 20:55:35,199:INFO:Evaluating Metrics
2020-10-25 20:55:35,201:INFO:No inverse transformer found
2020-10-25 20:55:35,202:INFO:Compiling Metrics
2020-10-25 20:55:35,211:INFO:Initializing Fold 5
2020-10-25 20:55:35,212:INFO:Total runtime is 0.6090977072715759 minutes
2020-10-25 20:55:35,228:INFO:Fitting Model
2020-10-25 20:55:37,635:INFO:Evaluating Metrics
2020-10-25 20:55:37,638:INFO:No inverse transformer found
2020-10-25 20:55:37,638:INFO:Compiling Metrics
2020-10-25 20:55:37,647:INFO:Initializing Fold 6
2020-10-25 20:55:37,649:INFO:Total runtime is 0.6497057636578877 minutes
2020-10-25 20:55:37,660:INFO:Fitting Model
2020-10-25 20:55:39,913:INFO:Evaluating Metrics
2020-10-25 20:55:39,916:INFO:No inverse transformer found
2020-10-25 20:55:39,916:INFO:Compiling Metrics
2020-10-25 20:55:39,925:INFO:Initializing Fold 7
2020-10-25 20:55:39,927:INFO:Total runtime is 0.6876710096995035 minutes
2020-10-25 20:55:39,939:INFO:Fitting Model
2020-10-25 20:55:42,160:INFO:Evaluating Metrics
2020-10-25 20:55:42,164:INFO:No inverse transformer found
2020-10-25 20:55:42,164:INFO:Compiling Metrics
2020-10-25 20:55:42,179:INFO:Initializing Fold 8
2020-10-25 20:55:42,180:INFO:Total runtime is 0.7252229730288187 minutes
2020-10-25 20:55:42,192:INFO:Fitting Model
2020-10-25 20:55:44,478:INFO:Evaluating Metrics
2020-10-25 20:55:44,481:INFO:No inverse transformer found
2020-10-25 20:55:44,481:INFO:Compiling Metrics
2020-10-25 20:55:44,493:INFO:Initializing Fold 9
2020-10-25 20:55:44,494:INFO:Total runtime is 0.7637865543365477 minutes
2020-10-25 20:55:44,508:INFO:Fitting Model
2020-10-25 20:55:46,735:INFO:Evaluating Metrics
2020-10-25 20:55:46,737:INFO:No inverse transformer found
2020-10-25 20:55:46,737:INFO:Compiling Metrics
2020-10-25 20:55:46,748:INFO:Initializing Fold 10
2020-10-25 20:55:46,750:INFO:Total runtime is 0.801399513085683 minutes
2020-10-25 20:55:46,760:INFO:Fitting Model
2020-10-25 20:55:48,979:INFO:Evaluating Metrics
2020-10-25 20:55:48,982:INFO:No inverse transformer found
2020-10-25 20:55:48,982:INFO:Compiling Metrics
2020-10-25 20:55:48,991:INFO:Calculating mean and std
2020-10-25 20:55:48,992:INFO:Creating metrics dataframe
2020-10-25 20:55:49,020:INFO:Initializing Huber Regressor
2020-10-25 20:55:49,028:INFO:Initializing Fold 1
2020-10-25 20:55:49,029:INFO:Total runtime is 0.8393812815348306 minutes
2020-10-25 20:55:49,040:INFO:Fitting Model
2020-10-25 20:55:49,126:INFO:Evaluating Metrics
2020-10-25 20:55:49,129:INFO:No inverse transformer found
2020-10-25 20:55:49,130:INFO:Compiling Metrics
2020-10-25 20:55:49,143:INFO:Initializing Fold 2
2020-10-25 20:55:49,145:INFO:Total runtime is 0.8413076718648274 minutes
2020-10-25 20:55:49,159:INFO:Fitting Model
2020-10-25 20:55:49,181:INFO:Evaluating Metrics
2020-10-25 20:55:49,187:INFO:No inverse transformer found
2020-10-25 20:55:49,187:INFO:Compiling Metrics
2020-10-25 20:55:49,202:INFO:Initializing Fold 3
2020-10-25 20:55:49,203:INFO:Total runtime is 0.8422717253367105 minutes
2020-10-25 20:55:49,217:INFO:Fitting Model
2020-10-25 20:55:49,241:INFO:Evaluating Metrics
2020-10-25 20:55:49,243:INFO:No inverse transformer found
2020-10-25 20:55:49,243:INFO:Compiling Metrics
2020-10-25 20:55:49,255:INFO:Initializing Fold 4
2020-10-25 20:55:49,256:INFO:Total runtime is 0.8431527336438496 minutes
2020-10-25 20:55:49,267:INFO:Fitting Model
2020-10-25 20:55:49,296:INFO:Evaluating Metrics
2020-10-25 20:55:49,300:INFO:No inverse transformer found
2020-10-25 20:55:49,300:INFO:Compiling Metrics
2020-10-25 20:55:49,313:INFO:Initializing Fold 5
2020-10-25 20:55:49,315:INFO:Total runtime is 0.8441500544548034 minutes
2020-10-25 20:55:49,329:INFO:Fitting Model
2020-10-25 20:55:49,342:INFO:Evaluating Metrics
2020-10-25 20:55:49,347:INFO:No inverse transformer found
2020-10-25 20:55:49,347:INFO:Compiling Metrics
2020-10-25 20:55:49,357:INFO:Initializing Fold 6
2020-10-25 20:55:49,359:INFO:Total runtime is 0.8448813994725545 minutes
2020-10-25 20:55:49,373:INFO:Fitting Model
2020-10-25 20:55:49,395:INFO:Evaluating Metrics
2020-10-25 20:55:49,399:INFO:No inverse transformer found
2020-10-25 20:55:49,399:INFO:Compiling Metrics
2020-10-25 20:55:49,415:INFO:Initializing Fold 7
2020-10-25 20:55:49,417:INFO:Total runtime is 0.8458455046017964 minutes
2020-10-25 20:55:49,431:INFO:Fitting Model
2020-10-25 20:55:49,450:INFO:Evaluating Metrics
2020-10-25 20:55:49,452:INFO:No inverse transformer found
2020-10-25 20:55:49,452:INFO:Compiling Metrics
2020-10-25 20:55:49,467:INFO:Initializing Fold 8
2020-10-25 20:55:49,468:INFO:Total runtime is 0.8466932455698648 minutes
2020-10-25 20:55:49,482:INFO:Fitting Model
2020-10-25 20:55:49,503:INFO:Evaluating Metrics
2020-10-25 20:55:49,507:INFO:No inverse transformer found
2020-10-25 20:55:49,507:INFO:Compiling Metrics
2020-10-25 20:55:49,520:INFO:Initializing Fold 9
2020-10-25 20:55:49,521:INFO:Total runtime is 0.847574230035146 minutes
2020-10-25 20:55:49,537:INFO:Fitting Model
2020-10-25 20:55:49,560:INFO:Evaluating Metrics
2020-10-25 20:55:49,563:INFO:No inverse transformer found
2020-10-25 20:55:49,563:INFO:Compiling Metrics
2020-10-25 20:55:49,576:INFO:Initializing Fold 10
2020-10-25 20:55:49,578:INFO:Total runtime is 0.8485216816266377 minutes
2020-10-25 20:55:49,593:INFO:Fitting Model
2020-10-25 20:55:49,609:INFO:Evaluating Metrics
2020-10-25 20:55:49,611:INFO:No inverse transformer found
2020-10-25 20:55:49,611:INFO:Compiling Metrics
2020-10-25 20:55:49,621:INFO:Calculating mean and std
2020-10-25 20:55:49,622:INFO:Creating metrics dataframe
2020-10-25 20:55:49,654:INFO:Initializing Support Vector Machine
2020-10-25 20:55:49,665:INFO:Initializing Fold 1
2020-10-25 20:55:49,667:INFO:Total runtime is 0.8500012477238972 minutes
2020-10-25 20:55:49,680:INFO:Fitting Model
2020-10-25 20:55:50,359:INFO:Evaluating Metrics
2020-10-25 20:55:50,403:INFO:No inverse transformer found
2020-10-25 20:55:50,403:INFO:Compiling Metrics
2020-10-25 20:55:50,412:INFO:Initializing Fold 2
2020-10-25 20:55:50,413:INFO:Total runtime is 0.8624345064163207 minutes
2020-10-25 20:55:50,424:INFO:Fitting Model
2020-10-25 20:55:51,053:INFO:Evaluating Metrics
2020-10-25 20:55:51,098:INFO:No inverse transformer found
2020-10-25 20:55:51,098:INFO:Compiling Metrics
2020-10-25 20:55:51,107:INFO:Initializing Fold 3
2020-10-25 20:55:51,109:INFO:Total runtime is 0.8740358392397561 minutes
2020-10-25 20:55:51,122:INFO:Fitting Model
2020-10-25 20:55:51,751:INFO:Evaluating Metrics
2020-10-25 20:55:51,797:INFO:No inverse transformer found
2020-10-25 20:55:51,797:INFO:Compiling Metrics
2020-10-25 20:55:51,806:INFO:Initializing Fold 4
2020-10-25 20:55:51,807:INFO:Total runtime is 0.8856713652610777 minutes
2020-10-25 20:55:51,818:INFO:Fitting Model
2020-10-25 20:55:52,453:INFO:Evaluating Metrics
2020-10-25 20:55:52,497:INFO:No inverse transformer found
2020-10-25 20:55:52,497:INFO:Compiling Metrics
2020-10-25 20:55:52,505:INFO:Initializing Fold 5
2020-10-25 20:55:52,507:INFO:Total runtime is 0.8973434527715045 minutes
2020-10-25 20:55:52,518:INFO:Fitting Model
2020-10-25 20:55:53,149:INFO:Evaluating Metrics
2020-10-25 20:55:53,193:INFO:No inverse transformer found
2020-10-25 20:55:53,193:INFO:Compiling Metrics
2020-10-25 20:55:53,202:INFO:Initializing Fold 6
2020-10-25 20:55:53,203:INFO:Total runtime is 0.9089457392692564 minutes
2020-10-25 20:55:53,214:INFO:Fitting Model
2020-10-25 20:55:53,858:INFO:Evaluating Metrics
2020-10-25 20:55:53,903:INFO:No inverse transformer found
2020-10-25 20:55:53,903:INFO:Compiling Metrics
2020-10-25 20:55:53,912:INFO:Initializing Fold 7
2020-10-25 20:55:53,913:INFO:Total runtime is 0.9207807620366412 minutes
2020-10-25 20:55:53,924:INFO:Fitting Model
2020-10-25 20:55:54,550:INFO:Evaluating Metrics
2020-10-25 20:55:54,594:INFO:No inverse transformer found
2020-10-25 20:55:54,594:INFO:Compiling Metrics
2020-10-25 20:55:54,603:INFO:Initializing Fold 8
2020-10-25 20:55:54,604:INFO:Total runtime is 0.932300007343292 minutes
2020-10-25 20:55:54,615:INFO:Fitting Model
2020-10-25 20:55:55,246:INFO:Evaluating Metrics
2020-10-25 20:55:55,290:INFO:No inverse transformer found
2020-10-25 20:55:55,290:INFO:Compiling Metrics
2020-10-25 20:55:55,299:INFO:Initializing Fold 9
2020-10-25 20:55:55,301:INFO:Total runtime is 0.9439015348752338 minutes
2020-10-25 20:55:55,312:INFO:Fitting Model
2020-10-25 20:55:55,946:INFO:Evaluating Metrics
2020-10-25 20:55:55,992:INFO:No inverse transformer found
2020-10-25 20:55:55,992:INFO:Compiling Metrics
2020-10-25 20:55:56,000:INFO:Initializing Fold 10
2020-10-25 20:55:56,002:INFO:Total runtime is 0.9555761098861693 minutes
2020-10-25 20:55:56,012:INFO:Fitting Model
2020-10-25 20:55:56,652:INFO:Evaluating Metrics
2020-10-25 20:55:56,696:INFO:No inverse transformer found
2020-10-25 20:55:56,697:INFO:Compiling Metrics
2020-10-25 20:55:56,705:INFO:Calculating mean and std
2020-10-25 20:55:56,706:INFO:Creating metrics dataframe
2020-10-25 20:55:56,725:INFO:Initializing K Neighbors Regressor
2020-10-25 20:55:56,736:INFO:Initializing Fold 1
2020-10-25 20:55:56,737:INFO:Total runtime is 0.9678470015525816 minutes
2020-10-25 20:55:56,755:INFO:Fitting Model
2020-10-25 20:55:56,875:INFO:Evaluating Metrics
2020-10-25 20:55:57,023:INFO:No inverse transformer found
2020-10-25 20:55:57,023:INFO:Compiling Metrics
2020-10-25 20:55:57,046:INFO:Initializing Fold 2
2020-10-25 20:55:57,047:INFO:Total runtime is 0.9730122963587442 minutes
2020-10-25 20:55:57,066:INFO:Fitting Model
2020-10-25 20:55:57,096:INFO:Evaluating Metrics
2020-10-25 20:55:57,205:INFO:No inverse transformer found
2020-10-25 20:55:57,205:INFO:Compiling Metrics
2020-10-25 20:55:57,223:INFO:Initializing Fold 3
2020-10-25 20:55:57,225:INFO:Total runtime is 0.975977309544881 minutes
2020-10-25 20:55:57,241:INFO:Fitting Model
2020-10-25 20:55:57,276:INFO:Evaluating Metrics
2020-10-25 20:55:57,384:INFO:No inverse transformer found
2020-10-25 20:55:57,384:INFO:Compiling Metrics
2020-10-25 20:55:57,405:INFO:Initializing Fold 4
2020-10-25 20:55:57,407:INFO:Total runtime is 0.9790173768997191 minutes
2020-10-25 20:55:57,425:INFO:Fitting Model
2020-10-25 20:55:57,457:INFO:Evaluating Metrics
2020-10-25 20:55:57,566:INFO:No inverse transformer found
2020-10-25 20:55:57,567:INFO:Compiling Metrics
2020-10-25 20:55:57,587:INFO:Initializing Fold 5
2020-10-25 20:55:57,588:INFO:Total runtime is 0.982022750377655 minutes
2020-10-25 20:55:57,607:INFO:Fitting Model
2020-10-25 20:55:57,639:INFO:Evaluating Metrics
2020-10-25 20:55:57,747:INFO:No inverse transformer found
2020-10-25 20:55:57,747:INFO:Compiling Metrics
2020-10-25 20:55:57,769:INFO:Initializing Fold 6
2020-10-25 20:55:57,770:INFO:Total runtime is 0.985051393508911 minutes
2020-10-25 20:55:57,791:INFO:Fitting Model
2020-10-25 20:55:57,819:INFO:Evaluating Metrics
2020-10-25 20:55:57,927:INFO:No inverse transformer found
2020-10-25 20:55:57,927:INFO:Compiling Metrics
2020-10-25 20:55:57,953:INFO:Initializing Fold 7
2020-10-25 20:55:57,956:INFO:Total runtime is 0.988157037893931 minutes
2020-10-25 20:55:57,980:INFO:Fitting Model
2020-10-25 20:55:58,016:INFO:Evaluating Metrics
2020-10-25 20:55:58,123:INFO:No inverse transformer found
2020-10-25 20:55:58,123:INFO:Compiling Metrics
2020-10-25 20:55:58,148:INFO:Initializing Fold 8
2020-10-25 20:55:58,150:INFO:Total runtime is 0.9913988908131917 minutes
2020-10-25 20:55:58,165:INFO:Fitting Model
2020-10-25 20:55:58,196:INFO:Evaluating Metrics
2020-10-25 20:55:58,305:INFO:No inverse transformer found
2020-10-25 20:55:58,305:INFO:Compiling Metrics
2020-10-25 20:55:58,336:INFO:Initializing Fold 9
2020-10-25 20:55:58,338:INFO:Total runtime is 0.9945269544919331 minutes
2020-10-25 20:55:58,361:INFO:Fitting Model
2020-10-25 20:55:58,395:INFO:Evaluating Metrics
2020-10-25 20:55:58,504:INFO:No inverse transformer found
2020-10-25 20:55:58,504:INFO:Compiling Metrics
2020-10-25 20:55:58,513:INFO:Initializing Fold 10
2020-10-25 20:55:58,518:INFO:Total runtime is 0.9975088874499002 minutes
2020-10-25 20:55:58,529:INFO:Fitting Model
2020-10-25 20:55:58,557:INFO:Evaluating Metrics
2020-10-25 20:55:58,664:INFO:No inverse transformer found
2020-10-25 20:55:58,664:INFO:Compiling Metrics
2020-10-25 20:55:58,688:INFO:Calculating mean and std
2020-10-25 20:55:58,690:INFO:Creating metrics dataframe
2020-10-25 20:55:58,726:INFO:Initializing Decision Tree
2020-10-25 20:55:58,738:INFO:Initializing Fold 1
2020-10-25 20:55:58,740:INFO:Total runtime is 1.001221489906311 minutes
2020-10-25 20:55:58,751:INFO:Fitting Model
2020-10-25 20:55:58,794:INFO:Evaluating Metrics
2020-10-25 20:55:58,796:INFO:No inverse transformer found
2020-10-25 20:55:58,797:INFO:Compiling Metrics
2020-10-25 20:55:58,808:INFO:Initializing Fold 2
2020-10-25 20:55:58,809:INFO:Total runtime is 1.002368418375651 minutes
2020-10-25 20:55:58,823:INFO:Fitting Model
2020-10-25 20:55:58,859:INFO:Evaluating Metrics
2020-10-25 20:55:58,861:INFO:No inverse transformer found
2020-10-25 20:55:58,861:INFO:Compiling Metrics
2020-10-25 20:55:58,875:INFO:Initializing Fold 3
2020-10-25 20:55:58,876:INFO:Total runtime is 1.0034987767537433 minutes
2020-10-25 20:55:58,889:INFO:Fitting Model
2020-10-25 20:55:58,927:INFO:Evaluating Metrics
2020-10-25 20:55:58,929:INFO:No inverse transformer found
2020-10-25 20:55:58,929:INFO:Compiling Metrics
2020-10-25 20:55:58,944:INFO:Initializing Fold 4
2020-10-25 20:55:58,945:INFO:Total runtime is 1.0046456734339395 minutes
2020-10-25 20:55:58,958:INFO:Fitting Model
2020-10-25 20:55:58,993:INFO:Evaluating Metrics
2020-10-25 20:55:58,996:INFO:No inverse transformer found
2020-10-25 20:55:58,996:INFO:Compiling Metrics
2020-10-25 20:55:59,012:INFO:Initializing Fold 5
2020-10-25 20:55:59,013:INFO:Total runtime is 1.0057759881019592 minutes
2020-10-25 20:55:59,028:INFO:Fitting Model
2020-10-25 20:55:59,062:INFO:Evaluating Metrics
2020-10-25 20:55:59,065:INFO:No inverse transformer found
2020-10-25 20:55:59,065:INFO:Compiling Metrics
2020-10-25 20:55:59,074:INFO:Initializing Fold 6
2020-10-25 20:55:59,075:INFO:Total runtime is 1.0068065643310546 minutes
2020-10-25 20:55:59,083:INFO:Fitting Model
2020-10-25 20:55:59,114:INFO:Evaluating Metrics
2020-10-25 20:55:59,120:INFO:No inverse transformer found
2020-10-25 20:55:59,120:INFO:Compiling Metrics
2020-10-25 20:55:59,136:INFO:Initializing Fold 7
2020-10-25 20:55:59,137:INFO:Total runtime is 1.0078371604283651 minutes
2020-10-25 20:55:59,152:INFO:Fitting Model
2020-10-25 20:55:59,192:INFO:Evaluating Metrics
2020-10-25 20:55:59,194:INFO:No inverse transformer found
2020-10-25 20:55:59,194:INFO:Compiling Metrics
2020-10-25 20:55:59,204:INFO:Initializing Fold 8
2020-10-25 20:55:59,205:INFO:Total runtime is 1.0089674552281698 minutes
2020-10-25 20:55:59,216:INFO:Fitting Model
2020-10-25 20:55:59,247:INFO:Evaluating Metrics
2020-10-25 20:55:59,251:INFO:No inverse transformer found
2020-10-25 20:55:59,251:INFO:Compiling Metrics
2020-10-25 20:55:59,262:INFO:Initializing Fold 9
2020-10-25 20:55:59,263:INFO:Total runtime is 1.0099481741587322 minutes
2020-10-25 20:55:59,273:INFO:Fitting Model
2020-10-25 20:55:59,303:INFO:Evaluating Metrics
2020-10-25 20:55:59,305:INFO:No inverse transformer found
2020-10-25 20:55:59,305:INFO:Compiling Metrics
2020-10-25 20:55:59,314:INFO:Initializing Fold 10
2020-10-25 20:55:59,315:INFO:Total runtime is 1.010812517007192 minutes
2020-10-25 20:55:59,326:INFO:Fitting Model
2020-10-25 20:55:59,355:INFO:Evaluating Metrics
2020-10-25 20:55:59,358:INFO:No inverse transformer found
2020-10-25 20:55:59,358:INFO:Compiling Metrics
2020-10-25 20:55:59,367:INFO:Calculating mean and std
2020-10-25 20:55:59,368:INFO:Creating metrics dataframe
2020-10-25 20:55:59,391:INFO:Initializing Random Forest
2020-10-25 20:55:59,399:INFO:Initializing Fold 1
2020-10-25 20:55:59,400:INFO:Total runtime is 1.0122254292170207 minutes
2020-10-25 20:55:59,413:INFO:Fitting Model
2020-10-25 20:56:00,338:INFO:Evaluating Metrics
2020-10-25 20:56:00,445:INFO:No inverse transformer found
2020-10-25 20:56:00,445:INFO:Compiling Metrics
2020-10-25 20:56:00,459:INFO:Initializing Fold 2
2020-10-25 20:56:00,460:INFO:Total runtime is 1.0298906683921816 minutes
2020-10-25 20:56:00,474:INFO:Fitting Model
2020-10-25 20:56:01,401:INFO:Evaluating Metrics
2020-10-25 20:56:01,514:INFO:No inverse transformer found
2020-10-25 20:56:01,515:INFO:Compiling Metrics
2020-10-25 20:56:01,539:INFO:Initializing Fold 3
2020-10-25 20:56:01,543:INFO:Total runtime is 1.0479304830233258 minutes
2020-10-25 20:56:01,563:INFO:Fitting Model
2020-10-25 20:56:02,367:INFO:Evaluating Metrics
2020-10-25 20:56:02,472:INFO:No inverse transformer found
2020-10-25 20:56:02,473:INFO:Compiling Metrics
2020-10-25 20:56:02,498:INFO:Initializing Fold 4
2020-10-25 20:56:02,500:INFO:Total runtime is 1.0638846000035607 minutes
2020-10-25 20:56:02,514:INFO:Fitting Model
2020-10-25 20:56:03,326:INFO:Evaluating Metrics
2020-10-25 20:56:03,431:INFO:No inverse transformer found
2020-10-25 20:56:03,432:INFO:Compiling Metrics
2020-10-25 20:56:03,456:INFO:Initializing Fold 5
2020-10-25 20:56:03,460:INFO:Total runtime is 1.079895357290904 minutes
2020-10-25 20:56:03,476:INFO:Fitting Model
2020-10-25 20:56:04,288:INFO:Evaluating Metrics
2020-10-25 20:56:04,394:INFO:No inverse transformer found
2020-10-25 20:56:04,395:INFO:Compiling Metrics
2020-10-25 20:56:04,420:INFO:Initializing Fold 6
2020-10-25 20:56:04,421:INFO:Total runtime is 1.0959051728248599 minutes
2020-10-25 20:56:04,438:INFO:Fitting Model
2020-10-25 20:56:05,246:INFO:Evaluating Metrics
2020-10-25 20:56:05,352:INFO:No inverse transformer found
2020-10-25 20:56:05,353:INFO:Compiling Metrics
2020-10-25 20:56:05,363:INFO:Initializing Fold 7
2020-10-25 20:56:05,365:INFO:Total runtime is 1.1116345127423608 minutes
2020-10-25 20:56:05,378:INFO:Fitting Model
2020-10-25 20:56:06,200:INFO:Evaluating Metrics
2020-10-25 20:56:06,309:INFO:No inverse transformer found
2020-10-25 20:56:06,309:INFO:Compiling Metrics
2020-10-25 20:56:06,321:INFO:Initializing Fold 8
2020-10-25 20:56:06,323:INFO:Total runtime is 1.127606284618378 minutes
2020-10-25 20:56:06,338:INFO:Fitting Model
2020-10-25 20:56:07,129:INFO:Evaluating Metrics
2020-10-25 20:56:07,235:INFO:No inverse transformer found
2020-10-25 20:56:07,235:INFO:Compiling Metrics
2020-10-25 20:56:07,261:INFO:Initializing Fold 9
2020-10-25 20:56:07,264:INFO:Total runtime is 1.1432994167009993 minutes
2020-10-25 20:56:07,281:INFO:Fitting Model
2020-10-25 20:56:08,091:INFO:Evaluating Metrics
2020-10-25 20:56:08,205:INFO:No inverse transformer found
2020-10-25 20:56:08,206:INFO:Compiling Metrics
2020-10-25 20:56:08,230:INFO:Initializing Fold 10
2020-10-25 20:56:08,232:INFO:Total runtime is 1.1594192504882816 minutes
2020-10-25 20:56:08,245:INFO:Fitting Model
2020-10-25 20:56:09,037:INFO:Evaluating Metrics
2020-10-25 20:56:09,144:INFO:No inverse transformer found
2020-10-25 20:56:09,145:INFO:Compiling Metrics
2020-10-25 20:56:09,162:INFO:Calculating mean and std
2020-10-25 20:56:09,163:INFO:Creating metrics dataframe
2020-10-25 20:56:09,200:INFO:Initializing Extra Trees Regressor
2020-10-25 20:56:09,208:INFO:Initializing Fold 1
2020-10-25 20:56:09,209:INFO:Total runtime is 1.1757126728693648 minutes
2020-10-25 20:56:09,224:INFO:Fitting Model
2020-10-25 20:56:09,712:INFO:Evaluating Metrics
2020-10-25 20:56:09,817:INFO:No inverse transformer found
2020-10-25 20:56:09,818:INFO:Compiling Metrics
2020-10-25 20:56:09,842:INFO:Initializing Fold 2
2020-10-25 20:56:09,844:INFO:Total runtime is 1.186295866966248 minutes
2020-10-25 20:56:09,861:INFO:Fitting Model
2020-10-25 20:56:10,346:INFO:Evaluating Metrics
2020-10-25 20:56:10,453:INFO:No inverse transformer found
2020-10-25 20:56:10,453:INFO:Compiling Metrics
2020-10-25 20:56:10,480:INFO:Initializing Fold 3
2020-10-25 20:56:10,481:INFO:Total runtime is 1.1969074090321863 minutes
2020-10-25 20:56:10,495:INFO:Fitting Model
2020-10-25 20:56:10,986:INFO:Evaluating Metrics
2020-10-25 20:56:11,104:INFO:No inverse transformer found
2020-10-25 20:56:11,104:INFO:Compiling Metrics
2020-10-25 20:56:11,114:INFO:Initializing Fold 4
2020-10-25 20:56:11,116:INFO:Total runtime is 1.207494950294495 minutes
2020-10-25 20:56:11,127:INFO:Fitting Model
2020-10-25 20:56:11,722:INFO:Evaluating Metrics
2020-10-25 20:56:11,839:INFO:No inverse transformer found
2020-10-25 20:56:11,839:INFO:Compiling Metrics
2020-10-25 20:56:11,850:INFO:Initializing Fold 5
2020-10-25 20:56:11,851:INFO:Total runtime is 1.2197433749834699 minutes
2020-10-25 20:56:11,864:INFO:Fitting Model
2020-10-25 20:56:12,479:INFO:Evaluating Metrics
2020-10-25 20:56:12,587:INFO:No inverse transformer found
2020-10-25 20:56:12,587:INFO:Compiling Metrics
2020-10-25 20:56:12,596:INFO:Initializing Fold 6
2020-10-25 20:56:12,598:INFO:Total runtime is 1.2321995258331302 minutes
2020-10-25 20:56:12,611:INFO:Fitting Model
2020-10-25 20:56:13,205:INFO:Evaluating Metrics
2020-10-25 20:56:13,319:INFO:No inverse transformer found
2020-10-25 20:56:13,319:INFO:Compiling Metrics
2020-10-25 20:56:13,328:INFO:Initializing Fold 7
2020-10-25 20:56:13,330:INFO:Total runtime is 1.2443923314412437 minutes
2020-10-25 20:56:13,344:INFO:Fitting Model
2020-10-25 20:56:13,844:INFO:Evaluating Metrics
2020-10-25 20:56:13,951:INFO:No inverse transformer found
2020-10-25 20:56:13,951:INFO:Compiling Metrics
2020-10-25 20:56:13,978:INFO:Initializing Fold 8
2020-10-25 20:56:13,981:INFO:Total runtime is 1.2552342534065248 minutes
2020-10-25 20:56:14,000:INFO:Fitting Model
2020-10-25 20:56:14,484:INFO:Evaluating Metrics
2020-10-25 20:56:14,590:INFO:No inverse transformer found
2020-10-25 20:56:14,590:INFO:Compiling Metrics
2020-10-25 20:56:14,615:INFO:Initializing Fold 9
2020-10-25 20:56:14,618:INFO:Total runtime is 1.265864924589793 minutes
2020-10-25 20:56:14,636:INFO:Fitting Model
2020-10-25 20:56:15,245:INFO:Evaluating Metrics
2020-10-25 20:56:15,352:INFO:No inverse transformer found
2020-10-25 20:56:15,352:INFO:Compiling Metrics
2020-10-25 20:56:15,362:INFO:Initializing Fold 10
2020-10-25 20:56:15,365:INFO:Total runtime is 1.2783140818277996 minutes
2020-10-25 20:56:15,379:INFO:Fitting Model
2020-10-25 20:56:15,894:INFO:Evaluating Metrics
2020-10-25 20:56:15,999:INFO:No inverse transformer found
2020-10-25 20:56:16,000:INFO:Compiling Metrics
2020-10-25 20:56:16,025:INFO:Calculating mean and std
2020-10-25 20:56:16,026:INFO:Creating metrics dataframe
2020-10-25 20:56:16,057:INFO:Initializing AdaBoost Regressor
2020-10-25 20:56:16,068:INFO:Initializing Fold 1
2020-10-25 20:56:16,069:INFO:Total runtime is 1.2900371193885805 minutes
2020-10-25 20:56:16,081:INFO:Fitting Model
2020-10-25 20:56:16,249:INFO:Evaluating Metrics
2020-10-25 20:56:16,254:INFO:No inverse transformer found
2020-10-25 20:56:16,254:INFO:Compiling Metrics
2020-10-25 20:56:16,263:INFO:Initializing Fold 2
2020-10-25 20:56:16,264:INFO:Total runtime is 1.2932860970497133 minutes
2020-10-25 20:56:16,275:INFO:Fitting Model
2020-10-25 20:56:16,357:INFO:Evaluating Metrics
2020-10-25 20:56:16,361:INFO:No inverse transformer found
2020-10-25 20:56:16,361:INFO:Compiling Metrics
2020-10-25 20:56:16,370:INFO:Initializing Fold 3
2020-10-25 20:56:16,371:INFO:Total runtime is 1.2950813253720603 minutes
2020-10-25 20:56:16,382:INFO:Fitting Model
2020-10-25 20:56:16,449:INFO:Evaluating Metrics
2020-10-25 20:56:16,452:INFO:No inverse transformer found
2020-10-25 20:56:16,452:INFO:Compiling Metrics
2020-10-25 20:56:16,461:INFO:Initializing Fold 4
2020-10-25 20:56:16,462:INFO:Total runtime is 1.2965939005215965 minutes
2020-10-25 20:56:16,474:INFO:Fitting Model
2020-10-25 20:56:16,551:INFO:Evaluating Metrics
2020-10-25 20:56:16,555:INFO:No inverse transformer found
2020-10-25 20:56:16,555:INFO:Compiling Metrics
2020-10-25 20:56:16,564:INFO:Initializing Fold 5
2020-10-25 20:56:16,565:INFO:Total runtime is 1.2983060002326967 minutes
2020-10-25 20:56:16,575:INFO:Fitting Model
2020-10-25 20:56:16,649:INFO:Evaluating Metrics
2020-10-25 20:56:16,653:INFO:No inverse transformer found
2020-10-25 20:56:16,653:INFO:Compiling Metrics
2020-10-25 20:56:16,662:INFO:Initializing Fold 6
2020-10-25 20:56:16,663:INFO:Total runtime is 1.2999349792798363 minutes
2020-10-25 20:56:16,675:INFO:Fitting Model
2020-10-25 20:56:16,756:INFO:Evaluating Metrics
2020-10-25 20:56:16,760:INFO:No inverse transformer found
2020-10-25 20:56:16,760:INFO:Compiling Metrics
2020-10-25 20:56:16,771:INFO:Initializing Fold 7
2020-10-25 20:56:16,772:INFO:Total runtime is 1.301763423283895 minutes
2020-10-25 20:56:16,783:INFO:Fitting Model
2020-10-25 20:56:16,878:INFO:Evaluating Metrics
2020-10-25 20:56:16,882:INFO:No inverse transformer found
2020-10-25 20:56:16,883:INFO:Compiling Metrics
2020-10-25 20:56:16,891:INFO:Initializing Fold 8
2020-10-25 20:56:16,893:INFO:Total runtime is 1.303772576649984 minutes
2020-10-25 20:56:16,907:INFO:Fitting Model
2020-10-25 20:56:16,976:INFO:Evaluating Metrics
2020-10-25 20:56:16,980:INFO:No inverse transformer found
2020-10-25 20:56:16,980:INFO:Compiling Metrics
2020-10-25 20:56:16,989:INFO:Initializing Fold 9
2020-10-25 20:56:16,990:INFO:Total runtime is 1.3053849220275882 minutes
2020-10-25 20:56:17,003:INFO:Fitting Model
2020-10-25 20:56:17,091:INFO:Evaluating Metrics
2020-10-25 20:56:17,095:INFO:No inverse transformer found
2020-10-25 20:56:17,095:INFO:Compiling Metrics
2020-10-25 20:56:17,104:INFO:Initializing Fold 10
2020-10-25 20:56:17,106:INFO:Total runtime is 1.30732589562734 minutes
2020-10-25 20:56:17,120:INFO:Fitting Model
2020-10-25 20:56:17,240:INFO:Evaluating Metrics
2020-10-25 20:56:17,245:INFO:No inverse transformer found
2020-10-25 20:56:17,245:INFO:Compiling Metrics
2020-10-25 20:56:17,254:INFO:Calculating mean and std
2020-10-25 20:56:17,254:INFO:Creating metrics dataframe
2020-10-25 20:56:17,280:INFO:Initializing Gradient Boosting Regressor
2020-10-25 20:56:17,288:INFO:Initializing Fold 1
2020-10-25 20:56:17,289:INFO:Total runtime is 1.310367778937022 minutes
2020-10-25 20:56:17,297:INFO:Fitting Model
2020-10-25 20:56:17,815:INFO:Evaluating Metrics
2020-10-25 20:56:17,872:INFO:No inverse transformer found
2020-10-25 20:56:17,872:INFO:Compiling Metrics
2020-10-25 20:56:17,893:INFO:Initializing Fold 2
2020-10-25 20:56:17,895:INFO:Total runtime is 1.3204766869544984 minutes
2020-10-25 20:56:17,910:INFO:Fitting Model
2020-10-25 20:56:18,439:INFO:Evaluating Metrics
2020-10-25 20:56:18,442:INFO:No inverse transformer found
2020-10-25 20:56:18,442:INFO:Compiling Metrics
2020-10-25 20:56:18,450:INFO:Initializing Fold 3
2020-10-25 20:56:18,452:INFO:Total runtime is 1.329763420422872 minutes
2020-10-25 20:56:18,464:INFO:Fitting Model
2020-10-25 20:56:18,945:INFO:Evaluating Metrics
2020-10-25 20:56:18,949:INFO:No inverse transformer found
2020-10-25 20:56:18,949:INFO:Compiling Metrics
2020-10-25 20:56:18,957:INFO:Initializing Fold 4
2020-10-25 20:56:18,959:INFO:Total runtime is 1.3382074475288392 minutes
2020-10-25 20:56:18,973:INFO:Fitting Model
2020-10-25 20:56:19,454:INFO:Evaluating Metrics
2020-10-25 20:56:19,457:INFO:No inverse transformer found
2020-10-25 20:56:19,457:INFO:Compiling Metrics
2020-10-25 20:56:19,465:INFO:Initializing Fold 5
2020-10-25 20:56:19,467:INFO:Total runtime is 1.3466687083244324 minutes
2020-10-25 20:56:19,478:INFO:Fitting Model
2020-10-25 20:56:19,953:INFO:Evaluating Metrics
2020-10-25 20:56:19,956:INFO:No inverse transformer found
2020-10-25 20:56:19,956:INFO:Compiling Metrics
2020-10-25 20:56:19,965:INFO:Initializing Fold 6
2020-10-25 20:56:19,966:INFO:Total runtime is 1.354996422926585 minutes
2020-10-25 20:56:19,977:INFO:Fitting Model
2020-10-25 20:56:20,454:INFO:Evaluating Metrics
2020-10-25 20:56:20,457:INFO:No inverse transformer found
2020-10-25 20:56:20,457:INFO:Compiling Metrics
2020-10-25 20:56:20,466:INFO:Initializing Fold 7
2020-10-25 20:56:20,467:INFO:Total runtime is 1.3633408188819887 minutes
2020-10-25 20:56:20,479:INFO:Fitting Model
2020-10-25 20:56:20,956:INFO:Evaluating Metrics
2020-10-25 20:56:20,959:INFO:No inverse transformer found
2020-10-25 20:56:20,959:INFO:Compiling Metrics
2020-10-25 20:56:20,967:INFO:Initializing Fold 8
2020-10-25 20:56:20,968:INFO:Total runtime is 1.3716865062713623 minutes
2020-10-25 20:56:20,976:INFO:Fitting Model
2020-10-25 20:56:21,453:INFO:Evaluating Metrics
2020-10-25 20:56:21,456:INFO:No inverse transformer found
2020-10-25 20:56:21,456:INFO:Compiling Metrics
2020-10-25 20:56:21,465:INFO:Initializing Fold 9
2020-10-25 20:56:21,467:INFO:Total runtime is 1.379991141955058 minutes
2020-10-25 20:56:21,480:INFO:Fitting Model
2020-10-25 20:56:21,961:INFO:Evaluating Metrics
2020-10-25 20:56:21,964:INFO:No inverse transformer found
2020-10-25 20:56:21,965:INFO:Compiling Metrics
2020-10-25 20:56:21,973:INFO:Initializing Fold 10
2020-10-25 20:56:21,975:INFO:Total runtime is 1.388470506668091 minutes
2020-10-25 20:56:21,989:INFO:Fitting Model
2020-10-25 20:56:22,466:INFO:Evaluating Metrics
2020-10-25 20:56:22,469:INFO:No inverse transformer found
2020-10-25 20:56:22,469:INFO:Compiling Metrics
2020-10-25 20:56:22,478:INFO:Calculating mean and std
2020-10-25 20:56:22,478:INFO:Creating metrics dataframe
2020-10-25 20:56:22,500:INFO:Initializing Extreme Gradient Boosting
2020-10-25 20:56:22,515:INFO:Initializing Fold 1
2020-10-25 20:56:22,517:INFO:Total runtime is 1.397512964407603 minutes
2020-10-25 20:56:22,531:INFO:Fitting Model
2020-10-25 20:56:22,990:INFO:Evaluating Metrics
2020-10-25 20:56:22,995:INFO:No inverse transformer found
2020-10-25 20:56:22,996:INFO:Compiling Metrics
2020-10-25 20:56:23,028:INFO:Initializing Fold 2
2020-10-25 20:56:23,030:INFO:Total runtime is 1.4060554742813112 minutes
2020-10-25 20:56:23,045:INFO:Fitting Model
2020-10-25 20:56:23,311:INFO:Evaluating Metrics
2020-10-25 20:56:23,316:INFO:No inverse transformer found
2020-10-25 20:56:23,317:INFO:Compiling Metrics
2020-10-25 20:56:23,335:INFO:Initializing Fold 3
2020-10-25 20:56:23,337:INFO:Total runtime is 1.4111750920613608 minutes
2020-10-25 20:56:23,353:INFO:Fitting Model
2020-10-25 20:56:23,614:INFO:Evaluating Metrics
2020-10-25 20:56:23,620:INFO:No inverse transformer found
2020-10-25 20:56:23,620:INFO:Compiling Metrics
2020-10-25 20:56:23,639:INFO:Initializing Fold 4
2020-10-25 20:56:23,640:INFO:Total runtime is 1.4162282824516297 minutes
2020-10-25 20:56:23,656:INFO:Fitting Model
2020-10-25 20:56:23,938:INFO:Evaluating Metrics
2020-10-25 20:56:23,943:INFO:No inverse transformer found
2020-10-25 20:56:23,944:INFO:Compiling Metrics
2020-10-25 20:56:23,962:INFO:Initializing Fold 5
2020-10-25 20:56:23,964:INFO:Total runtime is 1.4216304898262024 minutes
2020-10-25 20:56:23,980:INFO:Fitting Model
2020-10-25 20:56:24,247:INFO:Evaluating Metrics
2020-10-25 20:56:24,252:INFO:No inverse transformer found
2020-10-25 20:56:24,253:INFO:Compiling Metrics
2020-10-25 20:56:24,270:INFO:Initializing Fold 6
2020-10-25 20:56:24,272:INFO:Total runtime is 1.4267667611440022 minutes
2020-10-25 20:56:24,287:INFO:Fitting Model
2020-10-25 20:56:24,551:INFO:Evaluating Metrics
2020-10-25 20:56:24,556:INFO:No inverse transformer found
2020-10-25 20:56:24,556:INFO:Compiling Metrics
2020-10-25 20:56:24,571:INFO:Initializing Fold 7
2020-10-25 20:56:24,573:INFO:Total runtime is 1.4317700505256652 minutes
2020-10-25 20:56:24,589:INFO:Fitting Model
2020-10-25 20:56:24,850:INFO:Evaluating Metrics
2020-10-25 20:56:24,855:INFO:No inverse transformer found
2020-10-25 20:56:24,856:INFO:Compiling Metrics
2020-10-25 20:56:24,875:INFO:Initializing Fold 8
2020-10-25 20:56:24,876:INFO:Total runtime is 1.4368232250213622 minutes
2020-10-25 20:56:24,891:INFO:Fitting Model
2020-10-25 20:56:25,154:INFO:Evaluating Metrics
2020-10-25 20:56:25,159:INFO:No inverse transformer found
2020-10-25 20:56:25,159:INFO:Compiling Metrics
2020-10-25 20:56:25,178:INFO:Initializing Fold 9
2020-10-25 20:56:25,180:INFO:Total runtime is 1.4418763796488443 minutes
2020-10-25 20:56:25,195:INFO:Fitting Model
2020-10-25 20:56:25,456:INFO:Evaluating Metrics
2020-10-25 20:56:25,461:INFO:No inverse transformer found
2020-10-25 20:56:25,461:INFO:Compiling Metrics
2020-10-25 20:56:25,476:INFO:Initializing Fold 10
2020-10-25 20:56:25,477:INFO:Total runtime is 1.4468464215596515 minutes
2020-10-25 20:56:25,492:INFO:Fitting Model
2020-10-25 20:56:25,756:INFO:Evaluating Metrics
2020-10-25 20:56:25,761:INFO:No inverse transformer found
2020-10-25 20:56:25,761:INFO:Compiling Metrics
2020-10-25 20:56:25,780:INFO:Calculating mean and std
2020-10-25 20:56:25,781:INFO:Creating metrics dataframe
2020-10-25 20:56:25,834:INFO:Initializing Light Gradient Boosting Machine
2020-10-25 20:56:25,849:INFO:Initializing Fold 1
2020-10-25 20:56:25,851:INFO:Total runtime is 1.4530797481536863 minutes
2020-10-25 20:56:25,865:INFO:Fitting Model
2020-10-25 20:56:26,204:INFO:Evaluating Metrics
2020-10-25 20:56:26,212:INFO:No inverse transformer found
2020-10-25 20:56:26,212:INFO:Compiling Metrics
2020-10-25 20:56:26,230:INFO:Initializing Fold 2
2020-10-25 20:56:26,232:INFO:Total runtime is 1.4594250361124672 minutes
2020-10-25 20:56:26,248:INFO:Fitting Model
2020-10-25 20:56:26,415:INFO:Evaluating Metrics
2020-10-25 20:56:26,422:INFO:No inverse transformer found
2020-10-25 20:56:26,422:INFO:Compiling Metrics
2020-10-25 20:56:26,441:INFO:Initializing Fold 3
2020-10-25 20:56:26,442:INFO:Total runtime is 1.4629323124885556 minutes
2020-10-25 20:56:26,458:INFO:Fitting Model
2020-10-25 20:56:26,623:INFO:Evaluating Metrics
2020-10-25 20:56:26,630:INFO:No inverse transformer found
2020-10-25 20:56:26,631:INFO:Compiling Metrics
2020-10-25 20:56:26,649:INFO:Initializing Fold 4
2020-10-25 20:56:26,651:INFO:Total runtime is 1.4664063572883603 minutes
2020-10-25 20:56:26,668:INFO:Fitting Model
2020-10-25 20:56:26,848:INFO:Evaluating Metrics
2020-10-25 20:56:26,855:INFO:No inverse transformer found
2020-10-25 20:56:26,855:INFO:Compiling Metrics
2020-10-25 20:56:26,873:INFO:Initializing Fold 5
2020-10-25 20:56:26,874:INFO:Total runtime is 1.4701297481854754 minutes
2020-10-25 20:56:26,889:INFO:Fitting Model
2020-10-25 20:56:27,055:INFO:Evaluating Metrics
2020-10-25 20:56:27,062:INFO:No inverse transformer found
2020-10-25 20:56:27,063:INFO:Compiling Metrics
2020-10-25 20:56:27,081:INFO:Initializing Fold 6
2020-10-25 20:56:27,083:INFO:Total runtime is 1.47360379298528 minutes
2020-10-25 20:56:27,098:INFO:Fitting Model
2020-10-25 20:56:27,261:INFO:Evaluating Metrics
2020-10-25 20:56:27,268:INFO:No inverse transformer found
2020-10-25 20:56:27,268:INFO:Compiling Metrics
2020-10-25 20:56:27,286:INFO:Initializing Fold 7
2020-10-25 20:56:27,288:INFO:Total runtime is 1.4770279645919797 minutes
2020-10-25 20:56:27,303:INFO:Fitting Model
2020-10-25 20:56:27,471:INFO:Evaluating Metrics
2020-10-25 20:56:27,478:INFO:No inverse transformer found
2020-10-25 20:56:27,478:INFO:Compiling Metrics
2020-10-25 20:56:27,494:INFO:Initializing Fold 8
2020-10-25 20:56:27,496:INFO:Total runtime is 1.480485383669535 minutes
2020-10-25 20:56:27,511:INFO:Fitting Model
2020-10-25 20:56:27,672:INFO:Evaluating Metrics
2020-10-25 20:56:27,680:INFO:No inverse transformer found
2020-10-25 20:56:27,680:INFO:Compiling Metrics
2020-10-25 20:56:27,698:INFO:Initializing Fold 9
2020-10-25 20:56:27,700:INFO:Total runtime is 1.4838929295539853 minutes
2020-10-25 20:56:27,715:INFO:Fitting Model
2020-10-25 20:56:27,873:INFO:Evaluating Metrics
2020-10-25 20:56:27,879:INFO:No inverse transformer found
2020-10-25 20:56:27,880:INFO:Compiling Metrics
2020-10-25 20:56:27,898:INFO:Initializing Fold 10
2020-10-25 20:56:27,899:INFO:Total runtime is 1.4872173627217609 minutes
2020-10-25 20:56:27,914:INFO:Fitting Model
2020-10-25 20:56:28,072:INFO:Evaluating Metrics
2020-10-25 20:56:28,079:INFO:No inverse transformer found
2020-10-25 20:56:28,080:INFO:Compiling Metrics
2020-10-25 20:56:28,090:INFO:Calculating mean and std
2020-10-25 20:56:28,091:INFO:Creating metrics dataframe
2020-10-25 20:56:28,145:INFO:Initializing CatBoost Regressor
2020-10-25 20:56:28,159:INFO:Initializing Fold 1
2020-10-25 20:56:28,161:INFO:Total runtime is 1.4915724356969196 minutes
2020-10-25 20:56:28,175:INFO:Fitting Model
2020-10-25 20:56:33,493:INFO:Evaluating Metrics
2020-10-25 20:56:33,551:INFO:No inverse transformer found
2020-10-25 20:56:33,551:INFO:Compiling Metrics
2020-10-25 20:56:33,563:INFO:Initializing Fold 2
2020-10-25 20:56:33,564:INFO:Total runtime is 1.5816187342007952 minutes
2020-10-25 20:56:33,579:INFO:Fitting Model
2020-10-25 20:56:36,804:INFO:Evaluating Metrics
2020-10-25 20:56:36,810:INFO:No inverse transformer found
2020-10-25 20:56:36,810:INFO:Compiling Metrics
2020-10-25 20:56:36,820:INFO:Initializing Fold 3
2020-10-25 20:56:36,825:INFO:Total runtime is 1.6359768907229104 minutes
2020-10-25 20:56:36,838:INFO:Fitting Model
2020-10-25 20:56:40,071:INFO:Evaluating Metrics
2020-10-25 20:56:40,076:INFO:No inverse transformer found
2020-10-25 20:56:40,076:INFO:Compiling Metrics
2020-10-25 20:56:40,088:INFO:Initializing Fold 4
2020-10-25 20:56:40,089:INFO:Total runtime is 1.6903815507888793 minutes
2020-10-25 20:56:40,101:INFO:Fitting Model
2020-10-25 20:56:43,402:INFO:Evaluating Metrics
2020-10-25 20:56:43,407:INFO:No inverse transformer found
2020-10-25 20:56:43,408:INFO:Compiling Metrics
2020-10-25 20:56:43,420:INFO:Initializing Fold 5
2020-10-25 20:56:43,421:INFO:Total runtime is 1.7459075808525084 minutes
2020-10-25 20:56:43,433:INFO:Fitting Model
2020-10-25 20:56:46,532:INFO:Evaluating Metrics
2020-10-25 20:56:46,538:INFO:No inverse transformer found
2020-10-25 20:56:46,538:INFO:Compiling Metrics
2020-10-25 20:56:46,547:INFO:Initializing Fold 6
2020-10-25 20:56:46,548:INFO:Total runtime is 1.7980336467425027 minutes
2020-10-25 20:56:46,562:INFO:Fitting Model
2020-10-25 20:56:50,665:INFO:Evaluating Metrics
2020-10-25 20:56:50,683:INFO:No inverse transformer found
2020-10-25 20:56:50,684:INFO:Compiling Metrics
2020-10-25 20:56:50,701:INFO:Initializing Fold 7
2020-10-25 20:56:50,703:INFO:Total runtime is 1.8672674695650735 minutes
2020-10-25 20:56:50,715:INFO:Fitting Model
2020-10-25 20:56:55,636:INFO:Evaluating Metrics
2020-10-25 20:56:55,640:INFO:No inverse transformer found
2020-10-25 20:56:55,640:INFO:Compiling Metrics
2020-10-25 20:56:55,653:INFO:Initializing Fold 8
2020-10-25 20:56:55,655:INFO:Total runtime is 1.9498014092445373 minutes
2020-10-25 20:56:55,671:INFO:Fitting Model
2020-10-25 20:57:00,175:INFO:Evaluating Metrics
2020-10-25 20:57:00,180:INFO:No inverse transformer found
2020-10-25 20:57:00,180:INFO:Compiling Metrics
2020-10-25 20:57:00,192:INFO:Initializing Fold 9
2020-10-25 20:57:00,193:INFO:Total runtime is 2.025443410873413 minutes
2020-10-25 20:57:00,208:INFO:Fitting Model
2020-10-25 20:57:04,712:INFO:Evaluating Metrics
2020-10-25 20:57:04,717:INFO:No inverse transformer found
2020-10-25 20:57:04,717:INFO:Compiling Metrics
2020-10-25 20:57:04,728:INFO:Initializing Fold 10
2020-10-25 20:57:04,730:INFO:Total runtime is 2.1010668595631916 minutes
2020-10-25 20:57:04,743:INFO:Fitting Model
2020-10-25 20:57:08,894:INFO:Evaluating Metrics
2020-10-25 20:57:08,899:INFO:No inverse transformer found
2020-10-25 20:57:08,899:INFO:Compiling Metrics
2020-10-25 20:57:08,910:INFO:Calculating mean and std
2020-10-25 20:57:08,910:INFO:Creating metrics dataframe
2020-10-25 20:57:08,948:INFO:Finalizing top_n models
2020-10-25 20:57:08,949:INFO:SubProcess create_model() called ==================================
2020-10-25 20:57:08,963:INFO:Initializing create_model()
2020-10-25 20:57:08,964:INFO:create_model(estimator=rf, ensemble=False, method=None, fold=10, round=4, cross_validation=True, verbose=False, system=False)
2020-10-25 20:57:08,964:INFO:Checking exceptions
2020-10-25 20:57:08,964:INFO:Preloading libraries
2020-10-25 20:57:08,964:INFO:Preparing display monitor
2020-10-25 20:57:08,980:INFO:Copying training dataset
2020-10-25 20:57:08,981:INFO:Importing libraries
2020-10-25 20:57:08,983:INFO:Defining folds
2020-10-25 20:57:08,983:INFO:Declaring metric variables
2020-10-25 20:57:08,984:INFO:Random Forest Regressor Imported succesfully
2020-10-25 20:57:08,986:INFO:Checking ensemble method
2020-10-25 20:57:08,987:INFO:Initializing Fold 1
2020-10-25 20:57:08,991:INFO:Fitting Model
2020-10-25 20:57:09,815:INFO:Evaluating Metrics
2020-10-25 20:57:09,921:INFO:No inverse transformation
2020-10-25 20:57:09,921:INFO:Compiling Metrics
2020-10-25 20:57:09,930:INFO:Initializing Fold 2
2020-10-25 20:57:09,933:INFO:Fitting Model
2020-10-25 20:57:10,755:INFO:Evaluating Metrics
2020-10-25 20:57:10,862:INFO:No inverse transformation
2020-10-25 20:57:10,862:INFO:Compiling Metrics
2020-10-25 20:57:10,888:INFO:Initializing Fold 3
2020-10-25 20:57:10,896:INFO:Fitting Model
2020-10-25 20:57:11,747:INFO:Evaluating Metrics
2020-10-25 20:57:11,852:INFO:No inverse transformation
2020-10-25 20:57:11,853:INFO:Compiling Metrics
2020-10-25 20:57:11,875:INFO:Initializing Fold 4
2020-10-25 20:57:11,885:INFO:Fitting Model
2020-10-25 20:57:12,676:INFO:Evaluating Metrics
2020-10-25 20:57:12,782:INFO:No inverse transformation
2020-10-25 20:57:12,782:INFO:Compiling Metrics
2020-10-25 20:57:12,792:INFO:Initializing Fold 5
2020-10-25 20:57:12,799:INFO:Fitting Model
2020-10-25 20:57:13,618:INFO:Evaluating Metrics
2020-10-25 20:57:13,724:INFO:No inverse transformation
2020-10-25 20:57:13,724:INFO:Compiling Metrics
2020-10-25 20:57:13,736:INFO:Initializing Fold 6
2020-10-25 20:57:13,738:INFO:Fitting Model
2020-10-25 20:57:14,550:INFO:Evaluating Metrics
2020-10-25 20:57:14,655:INFO:No inverse transformation
2020-10-25 20:57:14,656:INFO:Compiling Metrics
2020-10-25 20:57:14,678:INFO:Initializing Fold 7
2020-10-25 20:57:14,682:INFO:Fitting Model
2020-10-25 20:57:15,479:INFO:Evaluating Metrics
2020-10-25 20:57:15,593:INFO:No inverse transformation
2020-10-25 20:57:15,593:INFO:Compiling Metrics
2020-10-25 20:57:15,616:INFO:Initializing Fold 8
2020-10-25 20:57:15,623:INFO:Fitting Model
2020-10-25 20:57:16,417:INFO:Evaluating Metrics
2020-10-25 20:57:16,525:INFO:No inverse transformation
2020-10-25 20:57:16,526:INFO:Compiling Metrics
2020-10-25 20:57:16,539:INFO:Initializing Fold 9
2020-10-25 20:57:16,541:INFO:Fitting Model
2020-10-25 20:57:17,457:INFO:Evaluating Metrics
2020-10-25 20:57:17,564:INFO:No inverse transformation
2020-10-25 20:57:17,565:INFO:Compiling Metrics
2020-10-25 20:57:17,583:INFO:Initializing Fold 10
2020-10-25 20:57:17,588:INFO:Fitting Model
2020-10-25 20:57:18,552:INFO:Evaluating Metrics
2020-10-25 20:57:18,658:INFO:No inverse transformation
2020-10-25 20:57:18,659:INFO:Compiling Metrics
2020-10-25 20:57:18,667:INFO:Calculating mean and std
2020-10-25 20:57:18,669:INFO:Creating metrics dataframe
2020-10-25 20:57:18,674:INFO:Finalizing model
2020-10-25 20:57:19,579:INFO:Uploading results into container
2020-10-25 20:57:19,579:INFO:Uploading model into container
2020-10-25 20:57:19,580:INFO:create_model_container: 3
2020-10-25 20:57:19,580:INFO:master_model_container: 3
2020-10-25 20:57:19,580:INFO:display_container: 3
2020-10-25 20:57:19,581:INFO:RandomForestRegressor(bootstrap=True, ccp_alpha=0.0, criterion='mse',
                      max_depth=None, max_features='auto', max_leaf_nodes=None,
                      max_samples=None, min_impurity_decrease=0.0,
                      min_impurity_split=None, min_samples_leaf=1,
                      min_samples_split=2, min_weight_fraction_leaf=0.0,
                      n_estimators=100, n_jobs=-1, oob_score=False,
                      random_state=5208, verbose=0, warm_start=False)
2020-10-25 20:57:19,582:INFO:create_model() succesfully completed......................................
2020-10-25 20:57:19,582:INFO:SubProcess create_model() end ==================================
2020-10-25 20:57:19,847:INFO:create_model_container: 3
2020-10-25 20:57:19,847:INFO:master_model_container: 3
2020-10-25 20:57:19,847:INFO:display_container: 4
2020-10-25 20:57:19,848:INFO:RandomForestRegressor(bootstrap=True, ccp_alpha=0.0, criterion='mse',
                      max_depth=None, max_features='auto', max_leaf_nodes=None,
                      max_samples=None, min_impurity_decrease=0.0,
                      min_impurity_split=None, min_samples_leaf=1,
                      min_samples_split=2, min_weight_fraction_leaf=0.0,
                      n_estimators=100, n_jobs=-1, oob_score=False,
                      random_state=5208, verbose=0, warm_start=False)
2020-10-25 20:57:19,848:INFO:compare_models() succesfully completed......................................
2020-10-25 20:57:19,885:INFO:Initializing plot_model()
2020-10-25 20:57:19,886:INFO:plot_model(estimator=LinearRegression(copy_X=True, fit_intercept=True, n_jobs=-1, normalize=False), plot=residuals, save=False, verbose=True, system=True)
2020-10-25 20:57:19,886:INFO:Checking exceptions
2020-10-25 20:57:19,886:INFO:Preloading libraries
2020-10-25 20:57:19,886:INFO:Preparing display monitor
2020-10-25 20:57:19,899:INFO:Importing libraries
2020-10-25 20:57:19,900:INFO:plot type: residuals
2020-10-25 20:57:21,495:INFO:Fitting Model
2020-10-25 20:57:21,605:INFO:Scoring test/hold-out set
2020-10-25 20:57:23,535:INFO:Visual Rendered Successfully
2020-10-25 20:57:23,536:INFO:plot_model() succesfully completed......................................
2020-10-25 20:57:23,548:INFO:Initializing plot_model()
2020-10-25 20:57:23,549:INFO:plot_model(estimator=DecisionTreeRegressor(ccp_alpha=0.0, criterion='mse', max_depth=None,
                      max_features=None, max_leaf_nodes=None,
                      min_impurity_decrease=0.0, min_impurity_split=None,
                      min_samples_leaf=1, min_samples_split=2,
                      min_weight_fraction_leaf=0.0, presort='deprecated',
                      random_state=5208, splitter='best'), plot=residuals, save=False, verbose=True, system=True)
2020-10-25 20:57:23,549:INFO:Checking exceptions
2020-10-25 20:57:23,576:INFO:Preloading libraries
2020-10-25 20:57:23,577:INFO:Preparing display monitor
2020-10-25 20:57:23,591:INFO:Importing libraries
2020-10-25 20:57:23,594:INFO:plot type: residuals
2020-10-25 20:57:23,637:INFO:Fitting Model
2020-10-25 20:57:23,679:INFO:Scoring test/hold-out set
2020-10-25 20:57:24,279:INFO:Visual Rendered Successfully
2020-10-25 20:57:24,280:INFO:plot_model() succesfully completed......................................
2020-10-25 20:57:24,293:INFO:Initializing plot_model()
2020-10-25 20:57:24,294:INFO:plot_model(estimator=LinearRegression(copy_X=True, fit_intercept=True, n_jobs=-1, normalize=False), plot=parameter, save=False, verbose=True, system=True)
2020-10-25 20:57:24,294:INFO:Checking exceptions
2020-10-25 20:57:24,294:INFO:Preloading libraries
2020-10-25 20:57:24,294:INFO:Preparing display monitor
2020-10-25 20:57:24,314:INFO:Importing libraries
2020-10-25 20:57:24,316:INFO:plot type: parameter
2020-10-25 20:57:24,333:INFO:Visual Rendered Successfully
2020-10-25 20:57:24,333:INFO:plot_model() succesfully completed......................................
2020-10-25 20:57:24,391:INFO:Initializing plot_model()
2020-10-25 20:57:24,392:INFO:plot_model(estimator=LinearRegression(copy_X=True, fit_intercept=True, n_jobs=-1, normalize=False), plot=error, save=False, verbose=True, system=True)
2020-10-25 20:57:24,392:INFO:Checking exceptions
2020-10-25 20:57:24,392:INFO:Preloading libraries
2020-10-25 20:57:24,393:INFO:Preparing display monitor
2020-10-25 20:57:24,406:INFO:Importing libraries
2020-10-25 20:57:24,407:INFO:plot type: error
2020-10-25 20:57:24,411:INFO:Fitting Model
2020-10-25 20:57:24,416:INFO:Scoring test/hold-out set
2020-10-25 20:57:24,733:INFO:Visual Rendered Successfully
2020-10-25 20:57:24,733:INFO:plot_model() succesfully completed......................................
2020-10-25 20:57:24,792:INFO:Initializing plot_model()
2020-10-25 20:57:24,793:INFO:plot_model(estimator=DecisionTreeRegressor(ccp_alpha=0.0, criterion='mse', max_depth=None,
                      max_features=None, max_leaf_nodes=None,
                      min_impurity_decrease=0.0, min_impurity_split=None,
                      min_samples_leaf=1, min_samples_split=2,
                      min_weight_fraction_leaf=0.0, presort='deprecated',
                      random_state=5208, splitter='best'), plot=parameter, save=False, verbose=True, system=True)
2020-10-25 20:57:24,793:INFO:Checking exceptions
2020-10-25 20:57:24,794:INFO:Preloading libraries
2020-10-25 20:57:24,794:INFO:Preparing display monitor
2020-10-25 20:57:24,809:INFO:Importing libraries
2020-10-25 20:57:24,811:INFO:plot type: parameter
2020-10-25 20:57:24,820:INFO:Visual Rendered Successfully
2020-10-25 20:57:24,821:INFO:plot_model() succesfully completed......................................
